---------------------------------------------------------------
[ 2018-10-29T16:03:16+08:00 ] 0.0.0.0 127.0.0.1 GET /admin/index/index.html
[ info ] www.yxapi.com/admin/index/index.html [运行时间：0.074899s][吞吐率：13.35req/s] [内存消耗：1,831.54kb] [文件加载：45]
[ info ] [ LANG ] D:\webset\yx_api\thinkphp\lang\zh-cn.php
[ info ] [ ROUTE ] array (
  'type' => 'module',
  'module' => 
  array (
    0 => 'admin',
    1 => 'index',
    2 => 'index',
  ),
)
[ info ] [ HEADER ] array (
  'content-type' => '',
  'content-length' => '0',
  'x-original-url' => '/admin/index/index.html',
  'upgrade-insecure-requests' => '1',
  'user-agent' => 'Mozilla/5.0 (Windows NT 10.0; Win64; x64) AppleWebKit/537.36 (KHTML, like Gecko) Chrome/70.0.3538.77 Safari/537.36',
  'referer' => 'http://www.yxapi.com/admin/user/index',
  'host' => 'www.yxapi.com',
  'cookie' => 'PHPSESSID=4jhube6i4aplluha8464e0df17',
  'accept-language' => 'zh-CN,zh;q=0.9',
  'accept-encoding' => 'gzip, deflate',
  'accept' => 'text/html,application/xhtml+xml,application/xml;q=0.9,image/webp,image/apng,*/*;q=0.8',
  'connection' => 'keep-alive',
  'cache-control' => 'max-age=0',
)
[ info ] [ PARAM ] array (
)
[ info ] [ SESSION ] INIT array (
  'id' => '',
  'var_session_id' => '',
  'prefix' => 'think',
  'type' => '',
  'auto_start' => true,
)
[ info ] [ DB ] INIT mysql
[ info ] [ RUN ] app\admin\controller\Index->index[ D:\webset\yx_api\application\admin\controller\Index.php ]
[ info ] [ VIEW ] D:\webset\yx_api/application/admin\view\index\index.html [ array (
  0 => 'menu',
) ]
[ info ] [ LOG ] INIT File
[ sql ] [ DB ] CONNECT:[ UseTime:0.010695s ] mysql:dbname=yx_api;host=127.0.0.1;charset=utf8
[ sql ] [ SQL ] SHOW COLUMNS FROM `sm_auth_rule` [ RunTime:0.006529s ]
[ sql ] [ SQL ] SELECT * FROM `sm_auth_rule` WHERE  `status` = 1 ORDER BY `sort`  DESC,`id`  ASC [ RunTime:0.000375s ]
[ sql ] [ SQL ] SHOW COLUMNS FROM `sm_auth_group_access` [ RunTime:0.014510s ]
[ sql ] [ SQL ] SELECT `AuthGroupAccess`.`uid`,`AuthGroupAccess`.`group_id`,`AuthGroup`.`title`,`AuthGroup`.`rules` FROM `sm_auth_group_access` `AuthGroupAccess` LEFT JOIN `sm_auth_group` `AuthGroup` ON `AuthGroupAccess`.`group_id`=`AuthGroup`.`id` WHERE  (  AuthGroupAccess.uid='1' and AuthGroup.status='1' ) [ RunTime:0.000309s ]
[ sql ] [ SQL ] SELECT `condition`,`name` FROM `sm_auth_rule` WHERE  `id` IN (1,2,3,103)  AND `type` = 1 [ RunTime:0.000279s ]
---------------------------------------------------------------
[ 2018-10-29T16:03:16+08:00 ] 0.0.0.0 127.0.0.1 GET /admin/index/welcome.html
[ info ] www.yxapi.com/admin/index/welcome.html [运行时间：0.070814s][吞吐率：14.12req/s] [内存消耗：1,793.67kb] [文件加载：44]
[ info ] [ LANG ] D:\webset\yx_api\thinkphp\lang\zh-cn.php
[ info ] [ ROUTE ] array (
  'type' => 'module',
  'module' => 
  array (
    0 => 'admin',
    1 => 'index',
    2 => 'welcome',
  ),
)
[ info ] [ HEADER ] array (
  'content-type' => '',
  'content-length' => '0',
  'x-original-url' => '/admin/index/welcome.html',
  'upgrade-insecure-requests' => '1',
  'user-agent' => 'Mozilla/5.0 (Windows NT 10.0; Win64; x64) AppleWebKit/537.36 (KHTML, like Gecko) Chrome/70.0.3538.77 Safari/537.36',
  'referer' => 'http://www.yxapi.com/admin/index/index.html',
  'host' => 'www.yxapi.com',
  'cookie' => 'PHPSESSID=4jhube6i4aplluha8464e0df17',
  'accept-language' => 'zh-CN,zh;q=0.9',
  'accept-encoding' => 'gzip, deflate',
  'accept' => 'text/html,application/xhtml+xml,application/xml;q=0.9,image/webp,image/apng,*/*;q=0.8',
  'connection' => 'keep-alive',
)
[ info ] [ PARAM ] array (
)
[ info ] [ SESSION ] INIT array (
  'id' => '',
  'var_session_id' => '',
  'prefix' => 'think',
  'type' => '',
  'auto_start' => true,
)
[ info ] [ DB ] INIT mysql
[ info ] [ RUN ] app\admin\controller\Index->welcome[ D:\webset\yx_api\application\admin\controller\Index.php ]
[ info ] [ VIEW ] D:\webset\yx_api/application/admin\view\index\welcome.html [ array (
  0 => 'menu',
) ]
[ info ] [ LOG ] INIT File
[ sql ] [ DB ] CONNECT:[ UseTime:0.010851s ] mysql:dbname=yx_api;host=127.0.0.1;charset=utf8
[ sql ] [ SQL ] SHOW COLUMNS FROM `sm_auth_rule` [ RunTime:0.015006s ]
[ sql ] [ SQL ] SELECT * FROM `sm_auth_rule` WHERE  `status` = 1 ORDER BY `sort`  DESC,`id`  ASC [ RunTime:0.000408s ]
[ sql ] [ SQL ] SHOW COLUMNS FROM `sm_auth_group_access` [ RunTime:0.013958s ]
[ sql ] [ SQL ] SELECT `AuthGroupAccess`.`uid`,`AuthGroupAccess`.`group_id`,`AuthGroup`.`title`,`AuthGroup`.`rules` FROM `sm_auth_group_access` `AuthGroupAccess` LEFT JOIN `sm_auth_group` `AuthGroup` ON `AuthGroupAccess`.`group_id`=`AuthGroup`.`id` WHERE  (  AuthGroupAccess.uid='1' and AuthGroup.status='1' ) [ RunTime:0.000365s ]
[ sql ] [ SQL ] SELECT `condition`,`name` FROM `sm_auth_rule` WHERE  `id` IN (1,2,3,103)  AND `type` = 1 [ RunTime:0.000278s ]
---------------------------------------------------------------
[ 2018-10-29T16:03:16+08:00 ] 0.0.0.0 127.0.0.1 GET /admin/index/index.html
[ info ] www.yxapi.com/admin/index/index.html [运行时间：0.056302s][吞吐率：17.76req/s] [内存消耗：1,701.89kb] [文件加载：43]
[ info ] [ LANG ] D:\webset\yx_api\thinkphp\lang\zh-cn.php
[ info ] [ ROUTE ] array (
  'type' => 'module',
  'module' => 
  array (
    0 => 'admin',
    1 => 'index',
    2 => 'index',
  ),
)
[ info ] [ HEADER ] array (
  'content-type' => '',
  'content-length' => '0',
  'x-original-url' => '/admin/index/index.html',
  'upgrade-insecure-requests' => '1',
  'user-agent' => 'Mozilla/5.0 (Windows NT 10.0; Win64; x64) AppleWebKit/537.36 (KHTML, like Gecko) Chrome/70.0.3538.77 Safari/537.36',
  'referer' => 'http://www.yxapi.com/admin/user/index',
  'host' => 'www.yxapi.com',
  'cookie' => 'PHPSESSID=4jhube6i4aplluha8464e0df17',
  'accept-language' => 'zh-CN,zh;q=0.9',
  'accept-encoding' => 'gzip, deflate',
  'accept' => 'text/html,application/xhtml+xml,application/xml;q=0.9,image/webp,image/apng,*/*;q=0.8',
  'connection' => 'keep-alive',
  'cache-control' => 'max-age=0',
)
[ info ] [ PARAM ] array (
)
[ info ] [ SESSION ] INIT array (
  'id' => '',
  'var_session_id' => '',
  'prefix' => 'think',
  'type' => '',
  'auto_start' => true,
)
[ info ] [ DB ] INIT mysql
[ info ] [ RUN ] app\admin\controller\Index->index[ D:\webset\yx_api\application\admin\controller\Index.php ]
[ info ] [ VIEW ] D:\webset\yx_api/application/admin\view\index\index.html [ array (
  0 => 'menu',
) ]
[ info ] [ LOG ] INIT File
[ sql ] [ DB ] CONNECT:[ UseTime:0.010631s ] mysql:dbname=yx_api;host=127.0.0.1;charset=utf8
[ sql ] [ SQL ] SHOW COLUMNS FROM `sm_auth_rule` [ RunTime:0.020403s ]
[ sql ] [ SQL ] SELECT * FROM `sm_auth_rule` WHERE  `status` = 1 ORDER BY `sort`  DESC,`id`  ASC [ RunTime:0.000343s ]
[ sql ] [ SQL ] SHOW COLUMNS FROM `sm_auth_group_access` [ RunTime:0.005563s ]
[ sql ] [ SQL ] SELECT `AuthGroupAccess`.`uid`,`AuthGroupAccess`.`group_id`,`AuthGroup`.`title`,`AuthGroup`.`rules` FROM `sm_auth_group_access` `AuthGroupAccess` LEFT JOIN `sm_auth_group` `AuthGroup` ON `AuthGroupAccess`.`group_id`=`AuthGroup`.`id` WHERE  (  AuthGroupAccess.uid='1' and AuthGroup.status='1' ) [ RunTime:0.000242s ]
[ sql ] [ SQL ] SELECT `condition`,`name` FROM `sm_auth_rule` WHERE  `id` IN (1,2,3,103)  AND `type` = 1 [ RunTime:0.000221s ]
---------------------------------------------------------------
[ 2018-10-29T16:03:17+08:00 ] 0.0.0.0 127.0.0.1 GET /admin/index/welcome.html
[ info ] www.yxapi.com/admin/index/welcome.html [运行时间：0.071963s][吞吐率：13.90req/s] [内存消耗：1,660.74kb] [文件加载：42]
[ info ] [ LANG ] D:\webset\yx_api\thinkphp\lang\zh-cn.php
[ info ] [ ROUTE ] array (
  'type' => 'module',
  'module' => 
  array (
    0 => 'admin',
    1 => 'index',
    2 => 'welcome',
  ),
)
[ info ] [ HEADER ] array (
  'content-type' => '',
  'content-length' => '0',
  'x-original-url' => '/admin/index/welcome.html',
  'upgrade-insecure-requests' => '1',
  'user-agent' => 'Mozilla/5.0 (Windows NT 10.0; Win64; x64) AppleWebKit/537.36 (KHTML, like Gecko) Chrome/70.0.3538.77 Safari/537.36',
  'referer' => 'http://www.yxapi.com/admin/index/index.html',
  'host' => 'www.yxapi.com',
  'cookie' => 'PHPSESSID=4jhube6i4aplluha8464e0df17',
  'accept-language' => 'zh-CN,zh;q=0.9',
  'accept-encoding' => 'gzip, deflate',
  'accept' => 'text/html,application/xhtml+xml,application/xml;q=0.9,image/webp,image/apng,*/*;q=0.8',
  'connection' => 'keep-alive',
)
[ info ] [ PARAM ] array (
)
[ info ] [ SESSION ] INIT array (
  'id' => '',
  'var_session_id' => '',
  'prefix' => 'think',
  'type' => '',
  'auto_start' => true,
)
[ info ] [ DB ] INIT mysql
[ info ] [ RUN ] app\admin\controller\Index->welcome[ D:\webset\yx_api\application\admin\controller\Index.php ]
[ info ] [ VIEW ] D:\webset\yx_api/application/admin\view\index\welcome.html [ array (
  0 => 'menu',
) ]
[ info ] [ LOG ] INIT File
[ sql ] [ DB ] CONNECT:[ UseTime:0.011078s ] mysql:dbname=yx_api;host=127.0.0.1;charset=utf8
[ sql ] [ SQL ] SHOW COLUMNS FROM `sm_auth_rule` [ RunTime:0.028791s ]
[ sql ] [ SQL ] SELECT * FROM `sm_auth_rule` WHERE  `status` = 1 ORDER BY `sort`  DESC,`id`  ASC [ RunTime:0.000314s ]
[ sql ] [ SQL ] SHOW COLUMNS FROM `sm_auth_group_access` [ RunTime:0.010756s ]
[ sql ] [ SQL ] SELECT `AuthGroupAccess`.`uid`,`AuthGroupAccess`.`group_id`,`AuthGroup`.`title`,`AuthGroup`.`rules` FROM `sm_auth_group_access` `AuthGroupAccess` LEFT JOIN `sm_auth_group` `AuthGroup` ON `AuthGroupAccess`.`group_id`=`AuthGroup`.`id` WHERE  (  AuthGroupAccess.uid='1' and AuthGroup.status='1' ) [ RunTime:0.000317s ]
[ sql ] [ SQL ] SELECT `condition`,`name` FROM `sm_auth_rule` WHERE  `id` IN (1,2,3,103)  AND `type` = 1 [ RunTime:0.000283s ]
---------------------------------------------------------------
[ 2018-10-29T16:03:17+08:00 ] 0.0.0.0 127.0.0.1 GET /admin/index/index.html
[ info ] www.yxapi.com/admin/index/index.html [运行时间：0.064832s][吞吐率：15.42req/s] [内存消耗：1,701.89kb] [文件加载：43]
[ info ] [ LANG ] D:\webset\yx_api\thinkphp\lang\zh-cn.php
[ info ] [ ROUTE ] array (
  'type' => 'module',
  'module' => 
  array (
    0 => 'admin',
    1 => 'index',
    2 => 'index',
  ),
)
[ info ] [ HEADER ] array (
  'content-type' => '',
  'content-length' => '0',
  'x-original-url' => '/admin/index/index.html',
  'upgrade-insecure-requests' => '1',
  'user-agent' => 'Mozilla/5.0 (Windows NT 10.0; Win64; x64) AppleWebKit/537.36 (KHTML, like Gecko) Chrome/70.0.3538.77 Safari/537.36',
  'referer' => 'http://www.yxapi.com/admin/user/index',
  'host' => 'www.yxapi.com',
  'cookie' => 'PHPSESSID=4jhube6i4aplluha8464e0df17',
  'accept-language' => 'zh-CN,zh;q=0.9',
  'accept-encoding' => 'gzip, deflate',
  'accept' => 'text/html,application/xhtml+xml,application/xml;q=0.9,image/webp,image/apng,*/*;q=0.8',
  'connection' => 'keep-alive',
  'cache-control' => 'max-age=0',
)
[ info ] [ PARAM ] array (
)
[ info ] [ SESSION ] INIT array (
  'id' => '',
  'var_session_id' => '',
  'prefix' => 'think',
  'type' => '',
  'auto_start' => true,
)
[ info ] [ DB ] INIT mysql
[ info ] [ RUN ] app\admin\controller\Index->index[ D:\webset\yx_api\application\admin\controller\Index.php ]
[ info ] [ VIEW ] D:\webset\yx_api/application/admin\view\index\index.html [ array (
  0 => 'menu',
) ]
[ info ] [ LOG ] INIT File
[ sql ] [ DB ] CONNECT:[ UseTime:0.010862s ] mysql:dbname=yx_api;host=127.0.0.1;charset=utf8
[ sql ] [ SQL ] SHOW COLUMNS FROM `sm_auth_rule` [ RunTime:0.020051s ]
[ sql ] [ SQL ] SELECT * FROM `sm_auth_rule` WHERE  `status` = 1 ORDER BY `sort`  DESC,`id`  ASC [ RunTime:0.000372s ]
[ sql ] [ SQL ] SHOW COLUMNS FROM `sm_auth_group_access` [ RunTime:0.012911s ]
[ sql ] [ SQL ] SELECT `AuthGroupAccess`.`uid`,`AuthGroupAccess`.`group_id`,`AuthGroup`.`title`,`AuthGroup`.`rules` FROM `sm_auth_group_access` `AuthGroupAccess` LEFT JOIN `sm_auth_group` `AuthGroup` ON `AuthGroupAccess`.`group_id`=`AuthGroup`.`id` WHERE  (  AuthGroupAccess.uid='1' and AuthGroup.status='1' ) [ RunTime:0.000321s ]
[ sql ] [ SQL ] SELECT `condition`,`name` FROM `sm_auth_rule` WHERE  `id` IN (1,2,3,103)  AND `type` = 1 [ RunTime:0.000288s ]
---------------------------------------------------------------
[ 2018-10-29T16:03:17+08:00 ] 0.0.0.0 127.0.0.1 GET /admin/index/welcome.html
[ info ] www.yxapi.com/admin/index/welcome.html [运行时间：0.047664s][吞吐率：20.98req/s] [内存消耗：1,660.74kb] [文件加载：42]
[ info ] [ LANG ] D:\webset\yx_api\thinkphp\lang\zh-cn.php
[ info ] [ ROUTE ] array (
  'type' => 'module',
  'module' => 
  array (
    0 => 'admin',
    1 => 'index',
    2 => 'welcome',
  ),
)
[ info ] [ HEADER ] array (
  'content-type' => '',
  'content-length' => '0',
  'x-original-url' => '/admin/index/welcome.html',
  'upgrade-insecure-requests' => '1',
  'user-agent' => 'Mozilla/5.0 (Windows NT 10.0; Win64; x64) AppleWebKit/537.36 (KHTML, like Gecko) Chrome/70.0.3538.77 Safari/537.36',
  'referer' => 'http://www.yxapi.com/admin/index/index.html',
  'host' => 'www.yxapi.com',
  'cookie' => 'PHPSESSID=4jhube6i4aplluha8464e0df17',
  'accept-language' => 'zh-CN,zh;q=0.9',
  'accept-encoding' => 'gzip, deflate',
  'accept' => 'text/html,application/xhtml+xml,application/xml;q=0.9,image/webp,image/apng,*/*;q=0.8',
  'connection' => 'keep-alive',
)
[ info ] [ PARAM ] array (
)
[ info ] [ SESSION ] INIT array (
  'id' => '',
  'var_session_id' => '',
  'prefix' => 'think',
  'type' => '',
  'auto_start' => true,
)
[ info ] [ DB ] INIT mysql
[ info ] [ RUN ] app\admin\controller\Index->welcome[ D:\webset\yx_api\application\admin\controller\Index.php ]
[ info ] [ VIEW ] D:\webset\yx_api/application/admin\view\index\welcome.html [ array (
  0 => 'menu',
) ]
[ info ] [ LOG ] INIT File
[ sql ] [ DB ] CONNECT:[ UseTime:0.000628s ] mysql:dbname=yx_api;host=127.0.0.1;charset=utf8
[ sql ] [ SQL ] SHOW COLUMNS FROM `sm_auth_rule` [ RunTime:0.014362s ]
[ sql ] [ SQL ] SELECT * FROM `sm_auth_rule` WHERE  `status` = 1 ORDER BY `sort`  DESC,`id`  ASC [ RunTime:0.000385s ]
[ sql ] [ SQL ] SHOW COLUMNS FROM `sm_auth_group_access` [ RunTime:0.012362s ]
[ sql ] [ SQL ] SELECT `AuthGroupAccess`.`uid`,`AuthGroupAccess`.`group_id`,`AuthGroup`.`title`,`AuthGroup`.`rules` FROM `sm_auth_group_access` `AuthGroupAccess` LEFT JOIN `sm_auth_group` `AuthGroup` ON `AuthGroupAccess`.`group_id`=`AuthGroup`.`id` WHERE  (  AuthGroupAccess.uid='1' and AuthGroup.status='1' ) [ RunTime:0.000316s ]
[ sql ] [ SQL ] SELECT `condition`,`name` FROM `sm_auth_rule` WHERE  `id` IN (1,2,3,103)  AND `type` = 1 [ RunTime:0.000230s ]
---------------------------------------------------------------
[ 2018-10-29T16:03:17+08:00 ] 0.0.0.0 127.0.0.1 GET /admin/index/index.html
[ info ] www.yxapi.com/admin/index/index.html [运行时间：0.066405s][吞吐率：15.06req/s] [内存消耗：1,701.89kb] [文件加载：43]
[ info ] [ LANG ] D:\webset\yx_api\thinkphp\lang\zh-cn.php
[ info ] [ ROUTE ] array (
  'type' => 'module',
  'module' => 
  array (
    0 => 'admin',
    1 => 'index',
    2 => 'index',
  ),
)
[ info ] [ HEADER ] array (
  'content-type' => '',
  'content-length' => '0',
  'x-original-url' => '/admin/index/index.html',
  'upgrade-insecure-requests' => '1',
  'user-agent' => 'Mozilla/5.0 (Windows NT 10.0; Win64; x64) AppleWebKit/537.36 (KHTML, like Gecko) Chrome/70.0.3538.77 Safari/537.36',
  'referer' => 'http://www.yxapi.com/admin/user/index',
  'host' => 'www.yxapi.com',
  'cookie' => 'PHPSESSID=4jhube6i4aplluha8464e0df17',
  'accept-language' => 'zh-CN,zh;q=0.9',
  'accept-encoding' => 'gzip, deflate',
  'accept' => 'text/html,application/xhtml+xml,application/xml;q=0.9,image/webp,image/apng,*/*;q=0.8',
  'connection' => 'keep-alive',
  'cache-control' => 'max-age=0',
)
[ info ] [ PARAM ] array (
)
[ info ] [ SESSION ] INIT array (
  'id' => '',
  'var_session_id' => '',
  'prefix' => 'think',
  'type' => '',
  'auto_start' => true,
)
[ info ] [ DB ] INIT mysql
[ info ] [ RUN ] app\admin\controller\Index->index[ D:\webset\yx_api\application\admin\controller\Index.php ]
[ info ] [ VIEW ] D:\webset\yx_api/application/admin\view\index\index.html [ array (
  0 => 'menu',
) ]
[ info ] [ LOG ] INIT File
[ sql ] [ DB ] CONNECT:[ UseTime:0.010181s ] mysql:dbname=yx_api;host=127.0.0.1;charset=utf8
[ sql ] [ SQL ] SHOW COLUMNS FROM `sm_auth_rule` [ RunTime:0.024946s ]
[ sql ] [ SQL ] SELECT * FROM `sm_auth_rule` WHERE  `status` = 1 ORDER BY `sort`  DESC,`id`  ASC [ RunTime:0.000317s ]
[ sql ] [ SQL ] SHOW COLUMNS FROM `sm_auth_group_access` [ RunTime:0.011612s ]
[ sql ] [ SQL ] SELECT `AuthGroupAccess`.`uid`,`AuthGroupAccess`.`group_id`,`AuthGroup`.`title`,`AuthGroup`.`rules` FROM `sm_auth_group_access` `AuthGroupAccess` LEFT JOIN `sm_auth_group` `AuthGroup` ON `AuthGroupAccess`.`group_id`=`AuthGroup`.`id` WHERE  (  AuthGroupAccess.uid='1' and AuthGroup.status='1' ) [ RunTime:0.000315s ]
[ sql ] [ SQL ] SELECT `condition`,`name` FROM `sm_auth_rule` WHERE  `id` IN (1,2,3,103)  AND `type` = 1 [ RunTime:0.000286s ]
---------------------------------------------------------------
[ 2018-10-29T16:03:17+08:00 ] 0.0.0.0 127.0.0.1 GET /admin/index/welcome.html
[ info ] www.yxapi.com/admin/index/welcome.html [运行时间：0.064313s][吞吐率：15.55req/s] [内存消耗：1,660.74kb] [文件加载：42]
[ info ] [ LANG ] D:\webset\yx_api\thinkphp\lang\zh-cn.php
[ info ] [ ROUTE ] array (
  'type' => 'module',
  'module' => 
  array (
    0 => 'admin',
    1 => 'index',
    2 => 'welcome',
  ),
)
[ info ] [ HEADER ] array (
  'content-type' => '',
  'content-length' => '0',
  'x-original-url' => '/admin/index/welcome.html',
  'upgrade-insecure-requests' => '1',
  'user-agent' => 'Mozilla/5.0 (Windows NT 10.0; Win64; x64) AppleWebKit/537.36 (KHTML, like Gecko) Chrome/70.0.3538.77 Safari/537.36',
  'referer' => 'http://www.yxapi.com/admin/index/index.html',
  'host' => 'www.yxapi.com',
  'cookie' => 'PHPSESSID=4jhube6i4aplluha8464e0df17',
  'accept-language' => 'zh-CN,zh;q=0.9',
  'accept-encoding' => 'gzip, deflate',
  'accept' => 'text/html,application/xhtml+xml,application/xml;q=0.9,image/webp,image/apng,*/*;q=0.8',
  'connection' => 'keep-alive',
)
[ info ] [ PARAM ] array (
)
[ info ] [ SESSION ] INIT array (
  'id' => '',
  'var_session_id' => '',
  'prefix' => 'think',
  'type' => '',
  'auto_start' => true,
)
[ info ] [ DB ] INIT mysql
[ info ] [ RUN ] app\admin\controller\Index->welcome[ D:\webset\yx_api\application\admin\controller\Index.php ]
[ info ] [ VIEW ] D:\webset\yx_api/application/admin\view\index\welcome.html [ array (
  0 => 'menu',
) ]
[ info ] [ LOG ] INIT File
[ sql ] [ DB ] CONNECT:[ UseTime:0.010903s ] mysql:dbname=yx_api;host=127.0.0.1;charset=utf8
[ sql ] [ SQL ] SHOW COLUMNS FROM `sm_auth_rule` [ RunTime:0.017213s ]
[ sql ] [ SQL ] SELECT * FROM `sm_auth_rule` WHERE  `status` = 1 ORDER BY `sort`  DESC,`id`  ASC [ RunTime:0.000371s ]
[ sql ] [ SQL ] SHOW COLUMNS FROM `sm_auth_group_access` [ RunTime:0.016777s ]
[ sql ] [ SQL ] SELECT `AuthGroupAccess`.`uid`,`AuthGroupAccess`.`group_id`,`AuthGroup`.`title`,`AuthGroup`.`rules` FROM `sm_auth_group_access` `AuthGroupAccess` LEFT JOIN `sm_auth_group` `AuthGroup` ON `AuthGroupAccess`.`group_id`=`AuthGroup`.`id` WHERE  (  AuthGroupAccess.uid='1' and AuthGroup.status='1' ) [ RunTime:0.000288s ]
[ sql ] [ SQL ] SELECT `condition`,`name` FROM `sm_auth_rule` WHERE  `id` IN (1,2,3,103)  AND `type` = 1 [ RunTime:0.000304s ]
---------------------------------------------------------------
[ 2018-10-29T16:03:17+08:00 ] 0.0.0.0 127.0.0.1 GET /admin/index/index.html
[ info ] www.yxapi.com/admin/index/index.html [运行时间：0.078254s][吞吐率：12.78req/s] [内存消耗：1,701.89kb] [文件加载：43]
[ info ] [ LANG ] D:\webset\yx_api\thinkphp\lang\zh-cn.php
[ info ] [ ROUTE ] array (
  'type' => 'module',
  'module' => 
  array (
    0 => 'admin',
    1 => 'index',
    2 => 'index',
  ),
)
[ info ] [ HEADER ] array (
  'content-type' => '',
  'content-length' => '0',
  'x-original-url' => '/admin/index/index.html',
  'upgrade-insecure-requests' => '1',
  'user-agent' => 'Mozilla/5.0 (Windows NT 10.0; Win64; x64) AppleWebKit/537.36 (KHTML, like Gecko) Chrome/70.0.3538.77 Safari/537.36',
  'referer' => 'http://www.yxapi.com/admin/user/index',
  'host' => 'www.yxapi.com',
  'cookie' => 'PHPSESSID=4jhube6i4aplluha8464e0df17',
  'accept-language' => 'zh-CN,zh;q=0.9',
  'accept-encoding' => 'gzip, deflate',
  'accept' => 'text/html,application/xhtml+xml,application/xml;q=0.9,image/webp,image/apng,*/*;q=0.8',
  'connection' => 'keep-alive',
  'cache-control' => 'max-age=0',
)
[ info ] [ PARAM ] array (
)
[ info ] [ SESSION ] INIT array (
  'id' => '',
  'var_session_id' => '',
  'prefix' => 'think',
  'type' => '',
  'auto_start' => true,
)
[ info ] [ DB ] INIT mysql
[ info ] [ RUN ] app\admin\controller\Index->index[ D:\webset\yx_api\application\admin\controller\Index.php ]
[ info ] [ VIEW ] D:\webset\yx_api/application/admin\view\index\index.html [ array (
  0 => 'menu',
) ]
[ info ] [ LOG ] INIT File
[ sql ] [ DB ] CONNECT:[ UseTime:0.010555s ] mysql:dbname=yx_api;host=127.0.0.1;charset=utf8
[ sql ] [ SQL ] SHOW COLUMNS FROM `sm_auth_rule` [ RunTime:0.027664s ]
[ sql ] [ SQL ] SELECT * FROM `sm_auth_rule` WHERE  `status` = 1 ORDER BY `sort`  DESC,`id`  ASC [ RunTime:0.000389s ]
[ sql ] [ SQL ] SHOW COLUMNS FROM `sm_auth_group_access` [ RunTime:0.020810s ]
[ sql ] [ SQL ] SELECT `AuthGroupAccess`.`uid`,`AuthGroupAccess`.`group_id`,`AuthGroup`.`title`,`AuthGroup`.`rules` FROM `sm_auth_group_access` `AuthGroupAccess` LEFT JOIN `sm_auth_group` `AuthGroup` ON `AuthGroupAccess`.`group_id`=`AuthGroup`.`id` WHERE  (  AuthGroupAccess.uid='1' and AuthGroup.status='1' ) [ RunTime:0.000279s ]
[ sql ] [ SQL ] SELECT `condition`,`name` FROM `sm_auth_rule` WHERE  `id` IN (1,2,3,103)  AND `type` = 1 [ RunTime:0.000195s ]
---------------------------------------------------------------
[ 2018-10-29T16:03:17+08:00 ] 0.0.0.0 127.0.0.1 GET /admin/index/welcome.html
[ info ] www.yxapi.com/admin/index/welcome.html [运行时间：0.042518s][吞吐率：23.52req/s] [内存消耗：1,660.74kb] [文件加载：42]
[ info ] [ LANG ] D:\webset\yx_api\thinkphp\lang\zh-cn.php
[ info ] [ ROUTE ] array (
  'type' => 'module',
  'module' => 
  array (
    0 => 'admin',
    1 => 'index',
    2 => 'welcome',
  ),
)
[ info ] [ HEADER ] array (
  'content-type' => '',
  'content-length' => '0',
  'x-original-url' => '/admin/index/welcome.html',
  'upgrade-insecure-requests' => '1',
  'user-agent' => 'Mozilla/5.0 (Windows NT 10.0; Win64; x64) AppleWebKit/537.36 (KHTML, like Gecko) Chrome/70.0.3538.77 Safari/537.36',
  'referer' => 'http://www.yxapi.com/admin/index/index.html',
  'host' => 'www.yxapi.com',
  'cookie' => 'PHPSESSID=4jhube6i4aplluha8464e0df17',
  'accept-language' => 'zh-CN,zh;q=0.9',
  'accept-encoding' => 'gzip, deflate',
  'accept' => 'text/html,application/xhtml+xml,application/xml;q=0.9,image/webp,image/apng,*/*;q=0.8',
  'connection' => 'keep-alive',
)
[ info ] [ PARAM ] array (
)
[ info ] [ SESSION ] INIT array (
  'id' => '',
  'var_session_id' => '',
  'prefix' => 'think',
  'type' => '',
  'auto_start' => true,
)
[ info ] [ DB ] INIT mysql
[ info ] [ RUN ] app\admin\controller\Index->welcome[ D:\webset\yx_api\application\admin\controller\Index.php ]
[ info ] [ VIEW ] D:\webset\yx_api/application/admin\view\index\welcome.html [ array (
  0 => 'menu',
) ]
[ info ] [ LOG ] INIT File
[ sql ] [ DB ] CONNECT:[ UseTime:0.000822s ] mysql:dbname=yx_api;host=127.0.0.1;charset=utf8
[ sql ] [ SQL ] SHOW COLUMNS FROM `sm_auth_rule` [ RunTime:0.007337s ]
[ sql ] [ SQL ] SELECT * FROM `sm_auth_rule` WHERE  `status` = 1 ORDER BY `sort`  DESC,`id`  ASC [ RunTime:0.000311s ]
[ sql ] [ SQL ] SHOW COLUMNS FROM `sm_auth_group_access` [ RunTime:0.014434s ]
[ sql ] [ SQL ] SELECT `AuthGroupAccess`.`uid`,`AuthGroupAccess`.`group_id`,`AuthGroup`.`title`,`AuthGroup`.`rules` FROM `sm_auth_group_access` `AuthGroupAccess` LEFT JOIN `sm_auth_group` `AuthGroup` ON `AuthGroupAccess`.`group_id`=`AuthGroup`.`id` WHERE  (  AuthGroupAccess.uid='1' and AuthGroup.status='1' ) [ RunTime:0.000303s ]
[ sql ] [ SQL ] SELECT `condition`,`name` FROM `sm_auth_rule` WHERE  `id` IN (1,2,3,103)  AND `type` = 1 [ RunTime:0.000271s ]
---------------------------------------------------------------
[ 2018-10-29T16:03:17+08:00 ] 0.0.0.0 127.0.0.1 GET /admin/index/index.html
[ info ] www.yxapi.com/admin/index/index.html [运行时间：0.072799s][吞吐率：13.74req/s] [内存消耗：1,701.89kb] [文件加载：43]
[ info ] [ LANG ] D:\webset\yx_api\thinkphp\lang\zh-cn.php
[ info ] [ ROUTE ] array (
  'type' => 'module',
  'module' => 
  array (
    0 => 'admin',
    1 => 'index',
    2 => 'index',
  ),
)
[ info ] [ HEADER ] array (
  'content-type' => '',
  'content-length' => '0',
  'x-original-url' => '/admin/index/index.html',
  'upgrade-insecure-requests' => '1',
  'user-agent' => 'Mozilla/5.0 (Windows NT 10.0; Win64; x64) AppleWebKit/537.36 (KHTML, like Gecko) Chrome/70.0.3538.77 Safari/537.36',
  'referer' => 'http://www.yxapi.com/admin/user/index',
  'host' => 'www.yxapi.com',
  'cookie' => 'PHPSESSID=4jhube6i4aplluha8464e0df17',
  'accept-language' => 'zh-CN,zh;q=0.9',
  'accept-encoding' => 'gzip, deflate',
  'accept' => 'text/html,application/xhtml+xml,application/xml;q=0.9,image/webp,image/apng,*/*;q=0.8',
  'connection' => 'keep-alive',
  'cache-control' => 'max-age=0',
)
[ info ] [ PARAM ] array (
)
[ info ] [ SESSION ] INIT array (
  'id' => '',
  'var_session_id' => '',
  'prefix' => 'think',
  'type' => '',
  'auto_start' => true,
)
[ info ] [ DB ] INIT mysql
[ info ] [ RUN ] app\admin\controller\Index->index[ D:\webset\yx_api\application\admin\controller\Index.php ]
[ info ] [ VIEW ] D:\webset\yx_api/application/admin\view\index\index.html [ array (
  0 => 'menu',
) ]
[ info ] [ LOG ] INIT File
[ sql ] [ DB ] CONNECT:[ UseTime:0.009943s ] mysql:dbname=yx_api;host=127.0.0.1;charset=utf8
[ sql ] [ SQL ] SHOW COLUMNS FROM `sm_auth_rule` [ RunTime:0.033969s ]
[ sql ] [ SQL ] SELECT * FROM `sm_auth_rule` WHERE  `status` = 1 ORDER BY `sort`  DESC,`id`  ASC [ RunTime:0.000390s ]
[ sql ] [ SQL ] SHOW COLUMNS FROM `sm_auth_group_access` [ RunTime:0.009449s ]
[ sql ] [ SQL ] SELECT `AuthGroupAccess`.`uid`,`AuthGroupAccess`.`group_id`,`AuthGroup`.`title`,`AuthGroup`.`rules` FROM `sm_auth_group_access` `AuthGroupAccess` LEFT JOIN `sm_auth_group` `AuthGroup` ON `AuthGroupAccess`.`group_id`=`AuthGroup`.`id` WHERE  (  AuthGroupAccess.uid='1' and AuthGroup.status='1' ) [ RunTime:0.000307s ]
[ sql ] [ SQL ] SELECT `condition`,`name` FROM `sm_auth_rule` WHERE  `id` IN (1,2,3,103)  AND `type` = 1 [ RunTime:0.000283s ]
---------------------------------------------------------------
[ 2018-10-29T16:03:17+08:00 ] 0.0.0.0 127.0.0.1 GET /admin/index/welcome.html
[ info ] www.yxapi.com/admin/index/welcome.html [运行时间：0.054291s][吞吐率：18.42req/s] [内存消耗：1,660.74kb] [文件加载：42]
[ info ] [ LANG ] D:\webset\yx_api\thinkphp\lang\zh-cn.php
[ info ] [ ROUTE ] array (
  'type' => 'module',
  'module' => 
  array (
    0 => 'admin',
    1 => 'index',
    2 => 'welcome',
  ),
)
[ info ] [ HEADER ] array (
  'content-type' => '',
  'content-length' => '0',
  'x-original-url' => '/admin/index/welcome.html',
  'upgrade-insecure-requests' => '1',
  'user-agent' => 'Mozilla/5.0 (Windows NT 10.0; Win64; x64) AppleWebKit/537.36 (KHTML, like Gecko) Chrome/70.0.3538.77 Safari/537.36',
  'referer' => 'http://www.yxapi.com/admin/index/index.html',
  'host' => 'www.yxapi.com',
  'cookie' => 'PHPSESSID=4jhube6i4aplluha8464e0df17',
  'accept-language' => 'zh-CN,zh;q=0.9',
  'accept-encoding' => 'gzip, deflate',
  'accept' => 'text/html,application/xhtml+xml,application/xml;q=0.9,image/webp,image/apng,*/*;q=0.8',
  'connection' => 'keep-alive',
)
[ info ] [ PARAM ] array (
)
[ info ] [ SESSION ] INIT array (
  'id' => '',
  'var_session_id' => '',
  'prefix' => 'think',
  'type' => '',
  'auto_start' => true,
)
[ info ] [ DB ] INIT mysql
[ info ] [ RUN ] app\admin\controller\Index->welcome[ D:\webset\yx_api\application\admin\controller\Index.php ]
[ info ] [ VIEW ] D:\webset\yx_api/application/admin\view\index\welcome.html [ array (
  0 => 'menu',
) ]
[ info ] [ LOG ] INIT File
[ sql ] [ DB ] CONNECT:[ UseTime:0.000575s ] mysql:dbname=yx_api;host=127.0.0.1;charset=utf8
[ sql ] [ SQL ] SHOW COLUMNS FROM `sm_auth_rule` [ RunTime:0.022085s ]
[ sql ] [ SQL ] SELECT * FROM `sm_auth_rule` WHERE  `status` = 1 ORDER BY `sort`  DESC,`id`  ASC [ RunTime:0.000297s ]
[ sql ] [ SQL ] SHOW COLUMNS FROM `sm_auth_group_access` [ RunTime:0.012298s ]
[ sql ] [ SQL ] SELECT `AuthGroupAccess`.`uid`,`AuthGroupAccess`.`group_id`,`AuthGroup`.`title`,`AuthGroup`.`rules` FROM `sm_auth_group_access` `AuthGroupAccess` LEFT JOIN `sm_auth_group` `AuthGroup` ON `AuthGroupAccess`.`group_id`=`AuthGroup`.`id` WHERE  (  AuthGroupAccess.uid='1' and AuthGroup.status='1' ) [ RunTime:0.000314s ]
[ sql ] [ SQL ] SELECT `condition`,`name` FROM `sm_auth_rule` WHERE  `id` IN (1,2,3,103)  AND `type` = 1 [ RunTime:0.000288s ]
---------------------------------------------------------------
[ 2018-10-29T16:03:17+08:00 ] 0.0.0.0 127.0.0.1 GET /admin/index/index.html
[ info ] www.yxapi.com/admin/index/index.html [运行时间：0.065272s][吞吐率：15.32req/s] [内存消耗：1,701.89kb] [文件加载：43]
[ info ] [ LANG ] D:\webset\yx_api\thinkphp\lang\zh-cn.php
[ info ] [ ROUTE ] array (
  'type' => 'module',
  'module' => 
  array (
    0 => 'admin',
    1 => 'index',
    2 => 'index',
  ),
)
[ info ] [ HEADER ] array (
  'content-type' => '',
  'content-length' => '0',
  'x-original-url' => '/admin/index/index.html',
  'upgrade-insecure-requests' => '1',
  'user-agent' => 'Mozilla/5.0 (Windows NT 10.0; Win64; x64) AppleWebKit/537.36 (KHTML, like Gecko) Chrome/70.0.3538.77 Safari/537.36',
  'referer' => 'http://www.yxapi.com/admin/user/index',
  'host' => 'www.yxapi.com',
  'cookie' => 'PHPSESSID=4jhube6i4aplluha8464e0df17',
  'accept-language' => 'zh-CN,zh;q=0.9',
  'accept-encoding' => 'gzip, deflate',
  'accept' => 'text/html,application/xhtml+xml,application/xml;q=0.9,image/webp,image/apng,*/*;q=0.8',
  'connection' => 'keep-alive',
  'cache-control' => 'max-age=0',
)
[ info ] [ PARAM ] array (
)
[ info ] [ SESSION ] INIT array (
  'id' => '',
  'var_session_id' => '',
  'prefix' => 'think',
  'type' => '',
  'auto_start' => true,
)
[ info ] [ DB ] INIT mysql
[ info ] [ RUN ] app\admin\controller\Index->index[ D:\webset\yx_api\application\admin\controller\Index.php ]
[ info ] [ VIEW ] D:\webset\yx_api/application/admin\view\index\index.html [ array (
  0 => 'menu',
) ]
[ info ] [ LOG ] INIT File
[ sql ] [ DB ] CONNECT:[ UseTime:0.010687s ] mysql:dbname=yx_api;host=127.0.0.1;charset=utf8
[ sql ] [ SQL ] SHOW COLUMNS FROM `sm_auth_rule` [ RunTime:0.028561s ]
[ sql ] [ SQL ] SELECT * FROM `sm_auth_rule` WHERE  `status` = 1 ORDER BY `sort`  DESC,`id`  ASC [ RunTime:0.000401s ]
[ sql ] [ SQL ] SHOW COLUMNS FROM `sm_auth_group_access` [ RunTime:0.006608s ]
[ sql ] [ SQL ] SELECT `AuthGroupAccess`.`uid`,`AuthGroupAccess`.`group_id`,`AuthGroup`.`title`,`AuthGroup`.`rules` FROM `sm_auth_group_access` `AuthGroupAccess` LEFT JOIN `sm_auth_group` `AuthGroup` ON `AuthGroupAccess`.`group_id`=`AuthGroup`.`id` WHERE  (  AuthGroupAccess.uid='1' and AuthGroup.status='1' ) [ RunTime:0.000327s ]
[ sql ] [ SQL ] SELECT `condition`,`name` FROM `sm_auth_rule` WHERE  `id` IN (1,2,3,103)  AND `type` = 1 [ RunTime:0.000288s ]
---------------------------------------------------------------
[ 2018-10-29T16:03:18+08:00 ] 0.0.0.0 127.0.0.1 GET /admin/index/welcome.html
[ info ] www.yxapi.com/admin/index/welcome.html [运行时间：0.082203s][吞吐率：12.17req/s] [内存消耗：1,660.74kb] [文件加载：42]
[ info ] [ LANG ] D:\webset\yx_api\thinkphp\lang\zh-cn.php
[ info ] [ ROUTE ] array (
  'type' => 'module',
  'module' => 
  array (
    0 => 'admin',
    1 => 'index',
    2 => 'welcome',
  ),
)
[ info ] [ HEADER ] array (
  'content-type' => '',
  'content-length' => '0',
  'x-original-url' => '/admin/index/welcome.html',
  'upgrade-insecure-requests' => '1',
  'user-agent' => 'Mozilla/5.0 (Windows NT 10.0; Win64; x64) AppleWebKit/537.36 (KHTML, like Gecko) Chrome/70.0.3538.77 Safari/537.36',
  'referer' => 'http://www.yxapi.com/admin/index/index.html',
  'host' => 'www.yxapi.com',
  'cookie' => 'PHPSESSID=4jhube6i4aplluha8464e0df17',
  'accept-language' => 'zh-CN,zh;q=0.9',
  'accept-encoding' => 'gzip, deflate',
  'accept' => 'text/html,application/xhtml+xml,application/xml;q=0.9,image/webp,image/apng,*/*;q=0.8',
  'connection' => 'keep-alive',
)
[ info ] [ PARAM ] array (
)
[ info ] [ SESSION ] INIT array (
  'id' => '',
  'var_session_id' => '',
  'prefix' => 'think',
  'type' => '',
  'auto_start' => true,
)
[ info ] [ DB ] INIT mysql
[ info ] [ RUN ] app\admin\controller\Index->welcome[ D:\webset\yx_api\application\admin\controller\Index.php ]
[ info ] [ VIEW ] D:\webset\yx_api/application/admin\view\index\welcome.html [ array (
  0 => 'menu',
) ]
[ info ] [ LOG ] INIT File
[ sql ] [ DB ] CONNECT:[ UseTime:0.010864s ] mysql:dbname=yx_api;host=127.0.0.1;charset=utf8
[ sql ] [ SQL ] SHOW COLUMNS FROM `sm_auth_rule` [ RunTime:0.034102s ]
[ sql ] [ SQL ] SELECT * FROM `sm_auth_rule` WHERE  `status` = 1 ORDER BY `sort`  DESC,`id`  ASC [ RunTime:0.000364s ]
[ sql ] [ SQL ] SHOW COLUMNS FROM `sm_auth_group_access` [ RunTime:0.016456s ]
[ sql ] [ SQL ] SELECT `AuthGroupAccess`.`uid`,`AuthGroupAccess`.`group_id`,`AuthGroup`.`title`,`AuthGroup`.`rules` FROM `sm_auth_group_access` `AuthGroupAccess` LEFT JOIN `sm_auth_group` `AuthGroup` ON `AuthGroupAccess`.`group_id`=`AuthGroup`.`id` WHERE  (  AuthGroupAccess.uid='1' and AuthGroup.status='1' ) [ RunTime:0.000331s ]
[ sql ] [ SQL ] SELECT `condition`,`name` FROM `sm_auth_rule` WHERE  `id` IN (1,2,3,103)  AND `type` = 1 [ RunTime:0.000299s ]
---------------------------------------------------------------
[ 2018-10-29T16:03:18+08:00 ] 0.0.0.0 127.0.0.1 GET /admin/index/index.html
[ info ] www.yxapi.com/admin/index/index.html [运行时间：0.063036s][吞吐率：15.86req/s] [内存消耗：1,701.89kb] [文件加载：43]
[ info ] [ LANG ] D:\webset\yx_api\thinkphp\lang\zh-cn.php
[ info ] [ ROUTE ] array (
  'type' => 'module',
  'module' => 
  array (
    0 => 'admin',
    1 => 'index',
    2 => 'index',
  ),
)
[ info ] [ HEADER ] array (
  'content-type' => '',
  'content-length' => '0',
  'x-original-url' => '/admin/index/index.html',
  'upgrade-insecure-requests' => '1',
  'user-agent' => 'Mozilla/5.0 (Windows NT 10.0; Win64; x64) AppleWebKit/537.36 (KHTML, like Gecko) Chrome/70.0.3538.77 Safari/537.36',
  'referer' => 'http://www.yxapi.com/admin/user/index',
  'host' => 'www.yxapi.com',
  'cookie' => 'PHPSESSID=4jhube6i4aplluha8464e0df17',
  'accept-language' => 'zh-CN,zh;q=0.9',
  'accept-encoding' => 'gzip, deflate',
  'accept' => 'text/html,application/xhtml+xml,application/xml;q=0.9,image/webp,image/apng,*/*;q=0.8',
  'connection' => 'keep-alive',
  'cache-control' => 'max-age=0',
)
[ info ] [ PARAM ] array (
)
[ info ] [ SESSION ] INIT array (
  'id' => '',
  'var_session_id' => '',
  'prefix' => 'think',
  'type' => '',
  'auto_start' => true,
)
[ info ] [ DB ] INIT mysql
[ info ] [ RUN ] app\admin\controller\Index->index[ D:\webset\yx_api\application\admin\controller\Index.php ]
[ info ] [ VIEW ] D:\webset\yx_api/application/admin\view\index\index.html [ array (
  0 => 'menu',
) ]
[ info ] [ LOG ] INIT File
[ sql ] [ DB ] CONNECT:[ UseTime:0.010032s ] mysql:dbname=yx_api;host=127.0.0.1;charset=utf8
[ sql ] [ SQL ] SHOW COLUMNS FROM `sm_auth_rule` [ RunTime:0.021852s ]
[ sql ] [ SQL ] SELECT * FROM `sm_auth_rule` WHERE  `status` = 1 ORDER BY `sort`  DESC,`id`  ASC [ RunTime:0.000360s ]
[ sql ] [ SQL ] SHOW COLUMNS FROM `sm_auth_group_access` [ RunTime:0.010974s ]
[ sql ] [ SQL ] SELECT `AuthGroupAccess`.`uid`,`AuthGroupAccess`.`group_id`,`AuthGroup`.`title`,`AuthGroup`.`rules` FROM `sm_auth_group_access` `AuthGroupAccess` LEFT JOIN `sm_auth_group` `AuthGroup` ON `AuthGroupAccess`.`group_id`=`AuthGroup`.`id` WHERE  (  AuthGroupAccess.uid='1' and AuthGroup.status='1' ) [ RunTime:0.000294s ]
[ sql ] [ SQL ] SELECT `condition`,`name` FROM `sm_auth_rule` WHERE  `id` IN (1,2,3,103)  AND `type` = 1 [ RunTime:0.000268s ]
---------------------------------------------------------------
[ 2018-10-29T16:03:18+08:00 ] 0.0.0.0 127.0.0.1 GET /admin/index/welcome.html
[ info ] www.yxapi.com/admin/index/welcome.html [运行时间：0.055328s][吞吐率：18.07req/s] [内存消耗：1,660.74kb] [文件加载：42]
[ info ] [ LANG ] D:\webset\yx_api\thinkphp\lang\zh-cn.php
[ info ] [ ROUTE ] array (
  'type' => 'module',
  'module' => 
  array (
    0 => 'admin',
    1 => 'index',
    2 => 'welcome',
  ),
)
[ info ] [ HEADER ] array (
  'content-type' => '',
  'content-length' => '0',
  'x-original-url' => '/admin/index/welcome.html',
  'upgrade-insecure-requests' => '1',
  'user-agent' => 'Mozilla/5.0 (Windows NT 10.0; Win64; x64) AppleWebKit/537.36 (KHTML, like Gecko) Chrome/70.0.3538.77 Safari/537.36',
  'referer' => 'http://www.yxapi.com/admin/index/index.html',
  'host' => 'www.yxapi.com',
  'cookie' => 'PHPSESSID=4jhube6i4aplluha8464e0df17',
  'accept-language' => 'zh-CN,zh;q=0.9',
  'accept-encoding' => 'gzip, deflate',
  'accept' => 'text/html,application/xhtml+xml,application/xml;q=0.9,image/webp,image/apng,*/*;q=0.8',
  'connection' => 'keep-alive',
)
[ info ] [ PARAM ] array (
)
[ info ] [ SESSION ] INIT array (
  'id' => '',
  'var_session_id' => '',
  'prefix' => 'think',
  'type' => '',
  'auto_start' => true,
)
[ info ] [ DB ] INIT mysql
[ info ] [ RUN ] app\admin\controller\Index->welcome[ D:\webset\yx_api\application\admin\controller\Index.php ]
[ info ] [ VIEW ] D:\webset\yx_api/application/admin\view\index\welcome.html [ array (
  0 => 'menu',
) ]
[ info ] [ LOG ] INIT File
[ sql ] [ DB ] CONNECT:[ UseTime:0.000521s ] mysql:dbname=yx_api;host=127.0.0.1;charset=utf8
[ sql ] [ SQL ] SHOW COLUMNS FROM `sm_auth_rule` [ RunTime:0.015556s ]
[ sql ] [ SQL ] SELECT * FROM `sm_auth_rule` WHERE  `status` = 1 ORDER BY `sort`  DESC,`id`  ASC [ RunTime:0.000387s ]
[ sql ] [ SQL ] SHOW COLUMNS FROM `sm_auth_group_access` [ RunTime:0.019035s ]
[ sql ] [ SQL ] SELECT `AuthGroupAccess`.`uid`,`AuthGroupAccess`.`group_id`,`AuthGroup`.`title`,`AuthGroup`.`rules` FROM `sm_auth_group_access` `AuthGroupAccess` LEFT JOIN `sm_auth_group` `AuthGroup` ON `AuthGroupAccess`.`group_id`=`AuthGroup`.`id` WHERE  (  AuthGroupAccess.uid='1' and AuthGroup.status='1' ) [ RunTime:0.000409s ]
[ sql ] [ SQL ] SELECT `condition`,`name` FROM `sm_auth_rule` WHERE  `id` IN (1,2,3,103)  AND `type` = 1 [ RunTime:0.000278s ]
---------------------------------------------------------------
[ 2018-10-29T16:03:18+08:00 ] 0.0.0.0 127.0.0.1 GET /admin/index/index.html
[ info ] www.yxapi.com/admin/index/index.html [运行时间：0.077198s][吞吐率：12.95req/s] [内存消耗：1,701.89kb] [文件加载：43]
[ info ] [ LANG ] D:\webset\yx_api\thinkphp\lang\zh-cn.php
[ info ] [ ROUTE ] array (
  'type' => 'module',
  'module' => 
  array (
    0 => 'admin',
    1 => 'index',
    2 => 'index',
  ),
)
[ info ] [ HEADER ] array (
  'content-type' => '',
  'content-length' => '0',
  'x-original-url' => '/admin/index/index.html',
  'upgrade-insecure-requests' => '1',
  'user-agent' => 'Mozilla/5.0 (Windows NT 10.0; Win64; x64) AppleWebKit/537.36 (KHTML, like Gecko) Chrome/70.0.3538.77 Safari/537.36',
  'referer' => 'http://www.yxapi.com/admin/user/index',
  'host' => 'www.yxapi.com',
  'cookie' => 'PHPSESSID=4jhube6i4aplluha8464e0df17',
  'accept-language' => 'zh-CN,zh;q=0.9',
  'accept-encoding' => 'gzip, deflate',
  'accept' => 'text/html,application/xhtml+xml,application/xml;q=0.9,image/webp,image/apng,*/*;q=0.8',
  'connection' => 'keep-alive',
  'cache-control' => 'max-age=0',
)
[ info ] [ PARAM ] array (
)
[ info ] [ SESSION ] INIT array (
  'id' => '',
  'var_session_id' => '',
  'prefix' => 'think',
  'type' => '',
  'auto_start' => true,
)
[ info ] [ DB ] INIT mysql
[ info ] [ RUN ] app\admin\controller\Index->index[ D:\webset\yx_api\application\admin\controller\Index.php ]
[ info ] [ VIEW ] D:\webset\yx_api/application/admin\view\index\index.html [ array (
  0 => 'menu',
) ]
[ info ] [ LOG ] INIT File
[ sql ] [ DB ] CONNECT:[ UseTime:0.000953s ] mysql:dbname=yx_api;host=127.0.0.1;charset=utf8
[ sql ] [ SQL ] SHOW COLUMNS FROM `sm_auth_rule` [ RunTime:0.031670s ]
[ sql ] [ SQL ] SELECT * FROM `sm_auth_rule` WHERE  `status` = 1 ORDER BY `sort`  DESC,`id`  ASC [ RunTime:0.000397s ]
[ sql ] [ SQL ] SHOW COLUMNS FROM `sm_auth_group_access` [ RunTime:0.015258s ]
[ sql ] [ SQL ] SELECT `AuthGroupAccess`.`uid`,`AuthGroupAccess`.`group_id`,`AuthGroup`.`title`,`AuthGroup`.`rules` FROM `sm_auth_group_access` `AuthGroupAccess` LEFT JOIN `sm_auth_group` `AuthGroup` ON `AuthGroupAccess`.`group_id`=`AuthGroup`.`id` WHERE  (  AuthGroupAccess.uid='1' and AuthGroup.status='1' ) [ RunTime:0.000363s ]
[ sql ] [ SQL ] SELECT `condition`,`name` FROM `sm_auth_rule` WHERE  `id` IN (1,2,3,103)  AND `type` = 1 [ RunTime:0.000303s ]
---------------------------------------------------------------
[ 2018-10-29T16:03:18+08:00 ] 0.0.0.0 127.0.0.1 GET /admin/index/welcome.html
[ info ] www.yxapi.com/admin/index/welcome.html [运行时间：0.061990s][吞吐率：16.13req/s] [内存消耗：1,660.74kb] [文件加载：42]
[ info ] [ LANG ] D:\webset\yx_api\thinkphp\lang\zh-cn.php
[ info ] [ ROUTE ] array (
  'type' => 'module',
  'module' => 
  array (
    0 => 'admin',
    1 => 'index',
    2 => 'welcome',
  ),
)
[ info ] [ HEADER ] array (
  'content-type' => '',
  'content-length' => '0',
  'x-original-url' => '/admin/index/welcome.html',
  'upgrade-insecure-requests' => '1',
  'user-agent' => 'Mozilla/5.0 (Windows NT 10.0; Win64; x64) AppleWebKit/537.36 (KHTML, like Gecko) Chrome/70.0.3538.77 Safari/537.36',
  'referer' => 'http://www.yxapi.com/admin/index/index.html',
  'host' => 'www.yxapi.com',
  'cookie' => 'PHPSESSID=4jhube6i4aplluha8464e0df17',
  'accept-language' => 'zh-CN,zh;q=0.9',
  'accept-encoding' => 'gzip, deflate',
  'accept' => 'text/html,application/xhtml+xml,application/xml;q=0.9,image/webp,image/apng,*/*;q=0.8',
  'connection' => 'keep-alive',
)
[ info ] [ PARAM ] array (
)
[ info ] [ SESSION ] INIT array (
  'id' => '',
  'var_session_id' => '',
  'prefix' => 'think',
  'type' => '',
  'auto_start' => true,
)
[ info ] [ DB ] INIT mysql
[ info ] [ RUN ] app\admin\controller\Index->welcome[ D:\webset\yx_api\application\admin\controller\Index.php ]
[ info ] [ VIEW ] D:\webset\yx_api/application/admin\view\index\welcome.html [ array (
  0 => 'menu',
) ]
[ info ] [ LOG ] INIT File
[ sql ] [ DB ] CONNECT:[ UseTime:0.010774s ] mysql:dbname=yx_api;host=127.0.0.1;charset=utf8
[ sql ] [ SQL ] SHOW COLUMNS FROM `sm_auth_rule` [ RunTime:0.020395s ]
[ sql ] [ SQL ] SELECT * FROM `sm_auth_rule` WHERE  `status` = 1 ORDER BY `sort`  DESC,`id`  ASC [ RunTime:0.000335s ]
[ sql ] [ SQL ] SHOW COLUMNS FROM `sm_auth_group_access` [ RunTime:0.011284s ]
[ sql ] [ SQL ] SELECT `AuthGroupAccess`.`uid`,`AuthGroupAccess`.`group_id`,`AuthGroup`.`title`,`AuthGroup`.`rules` FROM `sm_auth_group_access` `AuthGroupAccess` LEFT JOIN `sm_auth_group` `AuthGroup` ON `AuthGroupAccess`.`group_id`=`AuthGroup`.`id` WHERE  (  AuthGroupAccess.uid='1' and AuthGroup.status='1' ) [ RunTime:0.000207s ]
[ sql ] [ SQL ] SELECT `condition`,`name` FROM `sm_auth_rule` WHERE  `id` IN (1,2,3,103)  AND `type` = 1 [ RunTime:0.000166s ]
---------------------------------------------------------------
[ 2018-10-29T16:03:18+08:00 ] 0.0.0.0 127.0.0.1 GET /admin/index/index.html
[ info ] www.yxapi.com/admin/index/index.html [运行时间：0.072694s][吞吐率：13.76req/s] [内存消耗：1,701.89kb] [文件加载：43]
[ info ] [ LANG ] D:\webset\yx_api\thinkphp\lang\zh-cn.php
[ info ] [ ROUTE ] array (
  'type' => 'module',
  'module' => 
  array (
    0 => 'admin',
    1 => 'index',
    2 => 'index',
  ),
)
[ info ] [ HEADER ] array (
  'content-type' => '',
  'content-length' => '0',
  'x-original-url' => '/admin/index/index.html',
  'upgrade-insecure-requests' => '1',
  'user-agent' => 'Mozilla/5.0 (Windows NT 10.0; Win64; x64) AppleWebKit/537.36 (KHTML, like Gecko) Chrome/70.0.3538.77 Safari/537.36',
  'referer' => 'http://www.yxapi.com/admin/user/index',
  'host' => 'www.yxapi.com',
  'cookie' => 'PHPSESSID=4jhube6i4aplluha8464e0df17',
  'accept-language' => 'zh-CN,zh;q=0.9',
  'accept-encoding' => 'gzip, deflate',
  'accept' => 'text/html,application/xhtml+xml,application/xml;q=0.9,image/webp,image/apng,*/*;q=0.8',
  'connection' => 'keep-alive',
  'cache-control' => 'max-age=0',
)
[ info ] [ PARAM ] array (
)
[ info ] [ SESSION ] INIT array (
  'id' => '',
  'var_session_id' => '',
  'prefix' => 'think',
  'type' => '',
  'auto_start' => true,
)
[ info ] [ DB ] INIT mysql
[ info ] [ RUN ] app\admin\controller\Index->index[ D:\webset\yx_api\application\admin\controller\Index.php ]
[ info ] [ VIEW ] D:\webset\yx_api/application/admin\view\index\index.html [ array (
  0 => 'menu',
) ]
[ info ] [ LOG ] INIT File
[ sql ] [ DB ] CONNECT:[ UseTime:0.010541s ] mysql:dbname=yx_api;host=127.0.0.1;charset=utf8
[ sql ] [ SQL ] SHOW COLUMNS FROM `sm_auth_rule` [ RunTime:0.023538s ]
[ sql ] [ SQL ] SELECT * FROM `sm_auth_rule` WHERE  `status` = 1 ORDER BY `sort`  DESC,`id`  ASC [ RunTime:0.000316s ]
[ sql ] [ SQL ] SHOW COLUMNS FROM `sm_auth_group_access` [ RunTime:0.006829s ]
[ sql ] [ SQL ] SELECT `AuthGroupAccess`.`uid`,`AuthGroupAccess`.`group_id`,`AuthGroup`.`title`,`AuthGroup`.`rules` FROM `sm_auth_group_access` `AuthGroupAccess` LEFT JOIN `sm_auth_group` `AuthGroup` ON `AuthGroupAccess`.`group_id`=`AuthGroup`.`id` WHERE  (  AuthGroupAccess.uid='1' and AuthGroup.status='1' ) [ RunTime:0.000319s ]
[ sql ] [ SQL ] SELECT `condition`,`name` FROM `sm_auth_rule` WHERE  `id` IN (1,2,3,103)  AND `type` = 1 [ RunTime:0.000288s ]
---------------------------------------------------------------
[ 2018-10-29T16:03:18+08:00 ] 0.0.0.0 127.0.0.1 GET /admin/index/welcome.html
[ info ] www.yxapi.com/admin/index/welcome.html [运行时间：0.043540s][吞吐率：22.97req/s] [内存消耗：1,660.74kb] [文件加载：42]
[ info ] [ LANG ] D:\webset\yx_api\thinkphp\lang\zh-cn.php
[ info ] [ ROUTE ] array (
  'type' => 'module',
  'module' => 
  array (
    0 => 'admin',
    1 => 'index',
    2 => 'welcome',
  ),
)
[ info ] [ HEADER ] array (
  'content-type' => '',
  'content-length' => '0',
  'x-original-url' => '/admin/index/welcome.html',
  'upgrade-insecure-requests' => '1',
  'user-agent' => 'Mozilla/5.0 (Windows NT 10.0; Win64; x64) AppleWebKit/537.36 (KHTML, like Gecko) Chrome/70.0.3538.77 Safari/537.36',
  'referer' => 'http://www.yxapi.com/admin/index/index.html',
  'host' => 'www.yxapi.com',
  'cookie' => 'PHPSESSID=4jhube6i4aplluha8464e0df17',
  'accept-language' => 'zh-CN,zh;q=0.9',
  'accept-encoding' => 'gzip, deflate',
  'accept' => 'text/html,application/xhtml+xml,application/xml;q=0.9,image/webp,image/apng,*/*;q=0.8',
  'connection' => 'keep-alive',
)
[ info ] [ PARAM ] array (
)
[ info ] [ SESSION ] INIT array (
  'id' => '',
  'var_session_id' => '',
  'prefix' => 'think',
  'type' => '',
  'auto_start' => true,
)
[ info ] [ DB ] INIT mysql
[ info ] [ RUN ] app\admin\controller\Index->welcome[ D:\webset\yx_api\application\admin\controller\Index.php ]
[ info ] [ VIEW ] D:\webset\yx_api/application/admin\view\index\welcome.html [ array (
  0 => 'menu',
) ]
[ info ] [ LOG ] INIT File
[ sql ] [ DB ] CONNECT:[ UseTime:0.000632s ] mysql:dbname=yx_api;host=127.0.0.1;charset=utf8
[ sql ] [ SQL ] SHOW COLUMNS FROM `sm_auth_rule` [ RunTime:0.006935s ]
[ sql ] [ SQL ] SELECT * FROM `sm_auth_rule` WHERE  `status` = 1 ORDER BY `sort`  DESC,`id`  ASC [ RunTime:0.000414s ]
[ sql ] [ SQL ] SHOW COLUMNS FROM `sm_auth_group_access` [ RunTime:0.017061s ]
[ sql ] [ SQL ] SELECT `AuthGroupAccess`.`uid`,`AuthGroupAccess`.`group_id`,`AuthGroup`.`title`,`AuthGroup`.`rules` FROM `sm_auth_group_access` `AuthGroupAccess` LEFT JOIN `sm_auth_group` `AuthGroup` ON `AuthGroupAccess`.`group_id`=`AuthGroup`.`id` WHERE  (  AuthGroupAccess.uid='1' and AuthGroup.status='1' ) [ RunTime:0.000324s ]
[ sql ] [ SQL ] SELECT `condition`,`name` FROM `sm_auth_rule` WHERE  `id` IN (1,2,3,103)  AND `type` = 1 [ RunTime:0.000285s ]
---------------------------------------------------------------
[ 2018-10-29T16:03:18+08:00 ] 0.0.0.0 127.0.0.1 GET /admin/index/index.html
[ info ] www.yxapi.com/admin/index/index.html [运行时间：0.056504s][吞吐率：17.70req/s] [内存消耗：1,701.89kb] [文件加载：43]
[ info ] [ LANG ] D:\webset\yx_api\thinkphp\lang\zh-cn.php
[ info ] [ ROUTE ] array (
  'type' => 'module',
  'module' => 
  array (
    0 => 'admin',
    1 => 'index',
    2 => 'index',
  ),
)
[ info ] [ HEADER ] array (
  'content-type' => '',
  'content-length' => '0',
  'x-original-url' => '/admin/index/index.html',
  'upgrade-insecure-requests' => '1',
  'user-agent' => 'Mozilla/5.0 (Windows NT 10.0; Win64; x64) AppleWebKit/537.36 (KHTML, like Gecko) Chrome/70.0.3538.77 Safari/537.36',
  'referer' => 'http://www.yxapi.com/admin/user/index',
  'host' => 'www.yxapi.com',
  'cookie' => 'PHPSESSID=4jhube6i4aplluha8464e0df17',
  'accept-language' => 'zh-CN,zh;q=0.9',
  'accept-encoding' => 'gzip, deflate',
  'accept' => 'text/html,application/xhtml+xml,application/xml;q=0.9,image/webp,image/apng,*/*;q=0.8',
  'connection' => 'keep-alive',
  'cache-control' => 'max-age=0',
)
[ info ] [ PARAM ] array (
)
[ info ] [ SESSION ] INIT array (
  'id' => '',
  'var_session_id' => '',
  'prefix' => 'think',
  'type' => '',
  'auto_start' => true,
)
[ info ] [ DB ] INIT mysql
[ info ] [ RUN ] app\admin\controller\Index->index[ D:\webset\yx_api\application\admin\controller\Index.php ]
[ info ] [ VIEW ] D:\webset\yx_api/application/admin\view\index\index.html [ array (
  0 => 'menu',
) ]
[ info ] [ LOG ] INIT File
[ sql ] [ DB ] CONNECT:[ UseTime:0.000618s ] mysql:dbname=yx_api;host=127.0.0.1;charset=utf8
[ sql ] [ SQL ] SHOW COLUMNS FROM `sm_auth_rule` [ RunTime:0.011863s ]
[ sql ] [ SQL ] SELECT * FROM `sm_auth_rule` WHERE  `status` = 1 ORDER BY `sort`  DESC,`id`  ASC [ RunTime:0.000338s ]
[ sql ] [ SQL ] SHOW COLUMNS FROM `sm_auth_group_access` [ RunTime:0.013456s ]
[ sql ] [ SQL ] SELECT `AuthGroupAccess`.`uid`,`AuthGroupAccess`.`group_id`,`AuthGroup`.`title`,`AuthGroup`.`rules` FROM `sm_auth_group_access` `AuthGroupAccess` LEFT JOIN `sm_auth_group` `AuthGroup` ON `AuthGroupAccess`.`group_id`=`AuthGroup`.`id` WHERE  (  AuthGroupAccess.uid='1' and AuthGroup.status='1' ) [ RunTime:0.000301s ]
[ sql ] [ SQL ] SELECT `condition`,`name` FROM `sm_auth_rule` WHERE  `id` IN (1,2,3,103)  AND `type` = 1 [ RunTime:0.000319s ]
---------------------------------------------------------------
[ 2018-10-29T16:03:19+08:00 ] 0.0.0.0 127.0.0.1 GET /admin/index/welcome.html
[ info ] www.yxapi.com/admin/index/welcome.html [运行时间：0.062252s][吞吐率：16.06req/s] [内存消耗：1,660.74kb] [文件加载：42]
[ info ] [ LANG ] D:\webset\yx_api\thinkphp\lang\zh-cn.php
[ info ] [ ROUTE ] array (
  'type' => 'module',
  'module' => 
  array (
    0 => 'admin',
    1 => 'index',
    2 => 'welcome',
  ),
)
[ info ] [ HEADER ] array (
  'content-type' => '',
  'content-length' => '0',
  'x-original-url' => '/admin/index/welcome.html',
  'upgrade-insecure-requests' => '1',
  'user-agent' => 'Mozilla/5.0 (Windows NT 10.0; Win64; x64) AppleWebKit/537.36 (KHTML, like Gecko) Chrome/70.0.3538.77 Safari/537.36',
  'referer' => 'http://www.yxapi.com/admin/index/index.html',
  'host' => 'www.yxapi.com',
  'cookie' => 'PHPSESSID=4jhube6i4aplluha8464e0df17',
  'accept-language' => 'zh-CN,zh;q=0.9',
  'accept-encoding' => 'gzip, deflate',
  'accept' => 'text/html,application/xhtml+xml,application/xml;q=0.9,image/webp,image/apng,*/*;q=0.8',
  'connection' => 'keep-alive',
)
[ info ] [ PARAM ] array (
)
[ info ] [ SESSION ] INIT array (
  'id' => '',
  'var_session_id' => '',
  'prefix' => 'think',
  'type' => '',
  'auto_start' => true,
)
[ info ] [ DB ] INIT mysql
[ info ] [ RUN ] app\admin\controller\Index->welcome[ D:\webset\yx_api\application\admin\controller\Index.php ]
[ info ] [ VIEW ] D:\webset\yx_api/application/admin\view\index\welcome.html [ array (
  0 => 'menu',
) ]
[ info ] [ LOG ] INIT File
[ sql ] [ DB ] CONNECT:[ UseTime:0.010226s ] mysql:dbname=yx_api;host=127.0.0.1;charset=utf8
[ sql ] [ SQL ] SHOW COLUMNS FROM `sm_auth_rule` [ RunTime:0.020717s ]
[ sql ] [ SQL ] SELECT * FROM `sm_auth_rule` WHERE  `status` = 1 ORDER BY `sort`  DESC,`id`  ASC [ RunTime:0.000379s ]
[ sql ] [ SQL ] SHOW COLUMNS FROM `sm_auth_group_access` [ RunTime:0.011569s ]
[ sql ] [ SQL ] SELECT `AuthGroupAccess`.`uid`,`AuthGroupAccess`.`group_id`,`AuthGroup`.`title`,`AuthGroup`.`rules` FROM `sm_auth_group_access` `AuthGroupAccess` LEFT JOIN `sm_auth_group` `AuthGroup` ON `AuthGroupAccess`.`group_id`=`AuthGroup`.`id` WHERE  (  AuthGroupAccess.uid='1' and AuthGroup.status='1' ) [ RunTime:0.000273s ]
[ sql ] [ SQL ] SELECT `condition`,`name` FROM `sm_auth_rule` WHERE  `id` IN (1,2,3,103)  AND `type` = 1 [ RunTime:0.000232s ]
---------------------------------------------------------------
[ 2018-10-29T16:03:19+08:00 ] 0.0.0.0 127.0.0.1 GET /admin/index/index.html
[ info ] www.yxapi.com/admin/index/index.html [运行时间：0.172418s][吞吐率：5.80req/s] [内存消耗：1,701.89kb] [文件加载：43]
[ info ] [ LANG ] D:\webset\yx_api\thinkphp\lang\zh-cn.php
[ info ] [ ROUTE ] array (
  'type' => 'module',
  'module' => 
  array (
    0 => 'admin',
    1 => 'index',
    2 => 'index',
  ),
)
[ info ] [ HEADER ] array (
  'content-type' => '',
  'content-length' => '0',
  'x-original-url' => '/admin/index/index.html',
  'upgrade-insecure-requests' => '1',
  'user-agent' => 'Mozilla/5.0 (Windows NT 10.0; Win64; x64) AppleWebKit/537.36 (KHTML, like Gecko) Chrome/70.0.3538.77 Safari/537.36',
  'referer' => 'http://www.yxapi.com/admin/user/index',
  'host' => 'www.yxapi.com',
  'cookie' => 'PHPSESSID=4jhube6i4aplluha8464e0df17',
  'accept-language' => 'zh-CN,zh;q=0.9',
  'accept-encoding' => 'gzip, deflate',
  'accept' => 'text/html,application/xhtml+xml,application/xml;q=0.9,image/webp,image/apng,*/*;q=0.8',
  'connection' => 'keep-alive',
  'cache-control' => 'max-age=0',
)
[ info ] [ PARAM ] array (
)
[ info ] [ SESSION ] INIT array (
  'id' => '',
  'var_session_id' => '',
  'prefix' => 'think',
  'type' => '',
  'auto_start' => true,
)
[ info ] [ DB ] INIT mysql
[ info ] [ RUN ] app\admin\controller\Index->index[ D:\webset\yx_api\application\admin\controller\Index.php ]
[ info ] [ VIEW ] D:\webset\yx_api/application/admin\view\index\index.html [ array (
  0 => 'menu',
) ]
[ info ] [ LOG ] INIT File
[ sql ] [ DB ] CONNECT:[ UseTime:0.010008s ] mysql:dbname=yx_api;host=127.0.0.1;charset=utf8
[ sql ] [ SQL ] SHOW COLUMNS FROM `sm_auth_rule` [ RunTime:0.101537s ]
[ sql ] [ SQL ] SELECT * FROM `sm_auth_rule` WHERE  `status` = 1 ORDER BY `sort`  DESC,`id`  ASC [ RunTime:0.000317s ]
[ sql ] [ SQL ] SHOW COLUMNS FROM `sm_auth_group_access` [ RunTime:0.013723s ]
[ sql ] [ SQL ] SELECT `AuthGroupAccess`.`uid`,`AuthGroupAccess`.`group_id`,`AuthGroup`.`title`,`AuthGroup`.`rules` FROM `sm_auth_group_access` `AuthGroupAccess` LEFT JOIN `sm_auth_group` `AuthGroup` ON `AuthGroupAccess`.`group_id`=`AuthGroup`.`id` WHERE  (  AuthGroupAccess.uid='1' and AuthGroup.status='1' ) [ RunTime:0.000349s ]
[ sql ] [ SQL ] SELECT `condition`,`name` FROM `sm_auth_rule` WHERE  `id` IN (1,2,3,103)  AND `type` = 1 [ RunTime:0.000314s ]
---------------------------------------------------------------
[ 2018-10-29T16:03:19+08:00 ] 0.0.0.0 127.0.0.1 GET /admin/index/welcome.html
[ info ] www.yxapi.com/admin/index/welcome.html [运行时间：0.084656s][吞吐率：11.81req/s] [内存消耗：1,660.74kb] [文件加载：42]
[ info ] [ LANG ] D:\webset\yx_api\thinkphp\lang\zh-cn.php
[ info ] [ ROUTE ] array (
  'type' => 'module',
  'module' => 
  array (
    0 => 'admin',
    1 => 'index',
    2 => 'welcome',
  ),
)
[ info ] [ HEADER ] array (
  'content-type' => '',
  'content-length' => '0',
  'x-original-url' => '/admin/index/welcome.html',
  'upgrade-insecure-requests' => '1',
  'user-agent' => 'Mozilla/5.0 (Windows NT 10.0; Win64; x64) AppleWebKit/537.36 (KHTML, like Gecko) Chrome/70.0.3538.77 Safari/537.36',
  'referer' => 'http://www.yxapi.com/admin/index/index.html',
  'host' => 'www.yxapi.com',
  'cookie' => 'PHPSESSID=4jhube6i4aplluha8464e0df17',
  'accept-language' => 'zh-CN,zh;q=0.9',
  'accept-encoding' => 'gzip, deflate',
  'accept' => 'text/html,application/xhtml+xml,application/xml;q=0.9,image/webp,image/apng,*/*;q=0.8',
  'connection' => 'keep-alive',
)
[ info ] [ PARAM ] array (
)
[ info ] [ SESSION ] INIT array (
  'id' => '',
  'var_session_id' => '',
  'prefix' => 'think',
  'type' => '',
  'auto_start' => true,
)
[ info ] [ DB ] INIT mysql
[ info ] [ RUN ] app\admin\controller\Index->welcome[ D:\webset\yx_api\application\admin\controller\Index.php ]
[ info ] [ VIEW ] D:\webset\yx_api/application/admin\view\index\welcome.html [ array (
  0 => 'menu',
) ]
[ info ] [ LOG ] INIT File
[ sql ] [ DB ] CONNECT:[ UseTime:0.011282s ] mysql:dbname=yx_api;host=127.0.0.1;charset=utf8
[ sql ] [ SQL ] SHOW COLUMNS FROM `sm_auth_rule` [ RunTime:0.043099s ]
[ sql ] [ SQL ] SELECT * FROM `sm_auth_rule` WHERE  `status` = 1 ORDER BY `sort`  DESC,`id`  ASC [ RunTime:0.000331s ]
[ sql ] [ SQL ] SHOW COLUMNS FROM `sm_auth_group_access` [ RunTime:0.011597s ]
[ sql ] [ SQL ] SELECT `AuthGroupAccess`.`uid`,`AuthGroupAccess`.`group_id`,`AuthGroup`.`title`,`AuthGroup`.`rules` FROM `sm_auth_group_access` `AuthGroupAccess` LEFT JOIN `sm_auth_group` `AuthGroup` ON `AuthGroupAccess`.`group_id`=`AuthGroup`.`id` WHERE  (  AuthGroupAccess.uid='1' and AuthGroup.status='1' ) [ RunTime:0.000313s ]
[ sql ] [ SQL ] SELECT `condition`,`name` FROM `sm_auth_rule` WHERE  `id` IN (1,2,3,103)  AND `type` = 1 [ RunTime:0.000264s ]
---------------------------------------------------------------
[ 2018-10-29T16:03:19+08:00 ] 0.0.0.0 127.0.0.1 GET /admin/index/index.html
[ info ] www.yxapi.com/admin/index/index.html [运行时间：0.096768s][吞吐率：10.33req/s] [内存消耗：1,701.89kb] [文件加载：43]
[ info ] [ LANG ] D:\webset\yx_api\thinkphp\lang\zh-cn.php
[ info ] [ ROUTE ] array (
  'type' => 'module',
  'module' => 
  array (
    0 => 'admin',
    1 => 'index',
    2 => 'index',
  ),
)
[ info ] [ HEADER ] array (
  'content-type' => '',
  'content-length' => '0',
  'x-original-url' => '/admin/index/index.html',
  'upgrade-insecure-requests' => '1',
  'user-agent' => 'Mozilla/5.0 (Windows NT 10.0; Win64; x64) AppleWebKit/537.36 (KHTML, like Gecko) Chrome/70.0.3538.77 Safari/537.36',
  'referer' => 'http://www.yxapi.com/admin/user/index',
  'host' => 'www.yxapi.com',
  'cookie' => 'PHPSESSID=4jhube6i4aplluha8464e0df17',
  'accept-language' => 'zh-CN,zh;q=0.9',
  'accept-encoding' => 'gzip, deflate',
  'accept' => 'text/html,application/xhtml+xml,application/xml;q=0.9,image/webp,image/apng,*/*;q=0.8',
  'connection' => 'keep-alive',
  'cache-control' => 'max-age=0',
)
[ info ] [ PARAM ] array (
)
[ info ] [ SESSION ] INIT array (
  'id' => '',
  'var_session_id' => '',
  'prefix' => 'think',
  'type' => '',
  'auto_start' => true,
)
[ info ] [ DB ] INIT mysql
[ info ] [ RUN ] app\admin\controller\Index->index[ D:\webset\yx_api\application\admin\controller\Index.php ]
[ info ] [ VIEW ] D:\webset\yx_api/application/admin\view\index\index.html [ array (
  0 => 'menu',
) ]
[ info ] [ LOG ] INIT File
[ sql ] [ DB ] CONNECT:[ UseTime:0.000573s ] mysql:dbname=yx_api;host=127.0.0.1;charset=utf8
[ sql ] [ SQL ] SHOW COLUMNS FROM `sm_auth_rule` [ RunTime:0.024592s ]
[ sql ] [ SQL ] SELECT * FROM `sm_auth_rule` WHERE  `status` = 1 ORDER BY `sort`  DESC,`id`  ASC [ RunTime:0.000379s ]
[ sql ] [ SQL ] SHOW COLUMNS FROM `sm_auth_group_access` [ RunTime:0.015174s ]
[ sql ] [ SQL ] SELECT `AuthGroupAccess`.`uid`,`AuthGroupAccess`.`group_id`,`AuthGroup`.`title`,`AuthGroup`.`rules` FROM `sm_auth_group_access` `AuthGroupAccess` LEFT JOIN `sm_auth_group` `AuthGroup` ON `AuthGroupAccess`.`group_id`=`AuthGroup`.`id` WHERE  (  AuthGroupAccess.uid='1' and AuthGroup.status='1' ) [ RunTime:0.000283s ]
[ sql ] [ SQL ] SELECT `condition`,`name` FROM `sm_auth_rule` WHERE  `id` IN (1,2,3,103)  AND `type` = 1 [ RunTime:0.000270s ]
---------------------------------------------------------------
[ 2018-10-29T16:03:19+08:00 ] 0.0.0.0 127.0.0.1 GET /admin/index/welcome.html
[ info ] www.yxapi.com/admin/index/welcome.html [运行时间：0.048200s][吞吐率：20.75req/s] [内存消耗：1,660.74kb] [文件加载：42]
[ info ] [ LANG ] D:\webset\yx_api\thinkphp\lang\zh-cn.php
[ info ] [ ROUTE ] array (
  'type' => 'module',
  'module' => 
  array (
    0 => 'admin',
    1 => 'index',
    2 => 'welcome',
  ),
)
[ info ] [ HEADER ] array (
  'content-type' => '',
  'content-length' => '0',
  'x-original-url' => '/admin/index/welcome.html',
  'upgrade-insecure-requests' => '1',
  'user-agent' => 'Mozilla/5.0 (Windows NT 10.0; Win64; x64) AppleWebKit/537.36 (KHTML, like Gecko) Chrome/70.0.3538.77 Safari/537.36',
  'referer' => 'http://www.yxapi.com/admin/index/index.html',
  'host' => 'www.yxapi.com',
  'cookie' => 'PHPSESSID=4jhube6i4aplluha8464e0df17',
  'accept-language' => 'zh-CN,zh;q=0.9',
  'accept-encoding' => 'gzip, deflate',
  'accept' => 'text/html,application/xhtml+xml,application/xml;q=0.9,image/webp,image/apng,*/*;q=0.8',
  'connection' => 'keep-alive',
)
[ info ] [ PARAM ] array (
)
[ info ] [ SESSION ] INIT array (
  'id' => '',
  'var_session_id' => '',
  'prefix' => 'think',
  'type' => '',
  'auto_start' => true,
)
[ info ] [ DB ] INIT mysql
[ info ] [ RUN ] app\admin\controller\Index->welcome[ D:\webset\yx_api\application\admin\controller\Index.php ]
[ info ] [ VIEW ] D:\webset\yx_api/application/admin\view\index\welcome.html [ array (
  0 => 'menu',
) ]
[ info ] [ LOG ] INIT File
[ sql ] [ DB ] CONNECT:[ UseTime:0.000552s ] mysql:dbname=yx_api;host=127.0.0.1;charset=utf8
[ sql ] [ SQL ] SHOW COLUMNS FROM `sm_auth_rule` [ RunTime:0.015080s ]
[ sql ] [ SQL ] SELECT * FROM `sm_auth_rule` WHERE  `status` = 1 ORDER BY `sort`  DESC,`id`  ASC [ RunTime:0.000309s ]
[ sql ] [ SQL ] SHOW COLUMNS FROM `sm_auth_group_access` [ RunTime:0.011782s ]
[ sql ] [ SQL ] SELECT `AuthGroupAccess`.`uid`,`AuthGroupAccess`.`group_id`,`AuthGroup`.`title`,`AuthGroup`.`rules` FROM `sm_auth_group_access` `AuthGroupAccess` LEFT JOIN `sm_auth_group` `AuthGroup` ON `AuthGroupAccess`.`group_id`=`AuthGroup`.`id` WHERE  (  AuthGroupAccess.uid='1' and AuthGroup.status='1' ) [ RunTime:0.000283s ]
[ sql ] [ SQL ] SELECT `condition`,`name` FROM `sm_auth_rule` WHERE  `id` IN (1,2,3,103)  AND `type` = 1 [ RunTime:0.000259s ]
---------------------------------------------------------------
[ 2018-10-29T16:03:37+08:00 ] 0.0.0.0 127.0.0.1 GET /admin/index/index.html
[ info ] www.yxapi.com/admin/index/index.html [运行时间：0.473645s][吞吐率：2.11req/s] [内存消耗：1,701.89kb] [文件加载：43]
[ info ] [ LANG ] D:\webset\yx_api\thinkphp\lang\zh-cn.php
[ info ] [ ROUTE ] array (
  'type' => 'module',
  'module' => 
  array (
    0 => 'admin',
    1 => 'index',
    2 => 'index',
  ),
)
[ info ] [ HEADER ] array (
  'content-type' => '',
  'content-length' => '0',
  'x-original-url' => '/admin/index/index.html',
  'upgrade-insecure-requests' => '1',
  'user-agent' => 'Mozilla/5.0 (Windows NT 10.0; Win64; x64) AppleWebKit/537.36 (KHTML, like Gecko) Chrome/70.0.3538.77 Safari/537.36',
  'referer' => 'http://www.yxapi.com/admin/user/index',
  'host' => 'www.yxapi.com',
  'cookie' => 'PHPSESSID=4jhube6i4aplluha8464e0df17',
  'accept-language' => 'zh-CN,zh;q=0.9',
  'accept-encoding' => 'gzip, deflate',
  'accept' => 'text/html,application/xhtml+xml,application/xml;q=0.9,image/webp,image/apng,*/*;q=0.8',
  'connection' => 'keep-alive',
  'cache-control' => 'max-age=0',
)
[ info ] [ PARAM ] array (
)
[ info ] [ SESSION ] INIT array (
  'id' => '',
  'var_session_id' => '',
  'prefix' => 'think',
  'type' => '',
  'auto_start' => true,
)
[ info ] [ DB ] INIT mysql
[ info ] [ RUN ] app\admin\controller\Index->index[ D:\webset\yx_api\application\admin\controller\Index.php ]
[ info ] [ VIEW ] D:\webset\yx_api/application/admin\view\index\index.html [ array (
  0 => 'menu',
) ]
[ info ] [ LOG ] INIT File
[ sql ] [ DB ] CONNECT:[ UseTime:0.009888s ] mysql:dbname=yx_api;host=127.0.0.1;charset=utf8
[ sql ] [ SQL ] SHOW COLUMNS FROM `sm_auth_rule` [ RunTime:0.427989s ]
[ sql ] [ SQL ] SELECT * FROM `sm_auth_rule` WHERE  `status` = 1 ORDER BY `sort`  DESC,`id`  ASC [ RunTime:0.000409s ]
[ sql ] [ SQL ] SHOW COLUMNS FROM `sm_auth_group_access` [ RunTime:0.009956s ]
[ sql ] [ SQL ] SELECT `AuthGroupAccess`.`uid`,`AuthGroupAccess`.`group_id`,`AuthGroup`.`title`,`AuthGroup`.`rules` FROM `sm_auth_group_access` `AuthGroupAccess` LEFT JOIN `sm_auth_group` `AuthGroup` ON `AuthGroupAccess`.`group_id`=`AuthGroup`.`id` WHERE  (  AuthGroupAccess.uid='1' and AuthGroup.status='1' ) [ RunTime:0.000285s ]
[ sql ] [ SQL ] SELECT `condition`,`name` FROM `sm_auth_rule` WHERE  `id` IN (1,2,3,103)  AND `type` = 1 [ RunTime:0.000253s ]
---------------------------------------------------------------
[ 2018-10-29T16:03:39+08:00 ] 0.0.0.0 127.0.0.1 GET /admin/index/welcome.html
[ info ] www.yxapi.com/admin/index/welcome.html [运行时间：0.584419s][吞吐率：1.71req/s] [内存消耗：1,660.74kb] [文件加载：42]
[ info ] [ LANG ] D:\webset\yx_api\thinkphp\lang\zh-cn.php
[ info ] [ ROUTE ] array (
  'type' => 'module',
  'module' => 
  array (
    0 => 'admin',
    1 => 'index',
    2 => 'welcome',
  ),
)
[ info ] [ HEADER ] array (
  'content-type' => '',
  'content-length' => '0',
  'x-original-url' => '/admin/index/welcome.html',
  'upgrade-insecure-requests' => '1',
  'user-agent' => 'Mozilla/5.0 (Windows NT 10.0; Win64; x64) AppleWebKit/537.36 (KHTML, like Gecko) Chrome/70.0.3538.77 Safari/537.36',
  'referer' => 'http://www.yxapi.com/admin/index/index.html',
  'host' => 'www.yxapi.com',
  'cookie' => 'PHPSESSID=4jhube6i4aplluha8464e0df17',
  'accept-language' => 'zh-CN,zh;q=0.9',
  'accept-encoding' => 'gzip, deflate',
  'accept' => 'text/html,application/xhtml+xml,application/xml;q=0.9,image/webp,image/apng,*/*;q=0.8',
  'connection' => 'keep-alive',
)
[ info ] [ PARAM ] array (
)
[ info ] [ SESSION ] INIT array (
  'id' => '',
  'var_session_id' => '',
  'prefix' => 'think',
  'type' => '',
  'auto_start' => true,
)
[ info ] [ DB ] INIT mysql
[ info ] [ RUN ] app\admin\controller\Index->welcome[ D:\webset\yx_api\application\admin\controller\Index.php ]
[ info ] [ VIEW ] D:\webset\yx_api/application/admin\view\index\welcome.html [ array (
  0 => 'menu',
) ]
[ info ] [ LOG ] INIT File
[ sql ] [ DB ] CONNECT:[ UseTime:0.011095s ] mysql:dbname=yx_api;host=127.0.0.1;charset=utf8
[ sql ] [ SQL ] SHOW COLUMNS FROM `sm_auth_rule` [ RunTime:0.241376s ]
[ sql ] [ SQL ] SELECT * FROM `sm_auth_rule` WHERE  `status` = 1 ORDER BY `sort`  DESC,`id`  ASC [ RunTime:0.000371s ]
[ sql ] [ SQL ] SHOW COLUMNS FROM `sm_auth_group_access` [ RunTime:0.305356s ]
[ sql ] [ SQL ] SELECT `AuthGroupAccess`.`uid`,`AuthGroupAccess`.`group_id`,`AuthGroup`.`title`,`AuthGroup`.`rules` FROM `sm_auth_group_access` `AuthGroupAccess` LEFT JOIN `sm_auth_group` `AuthGroup` ON `AuthGroupAccess`.`group_id`=`AuthGroup`.`id` WHERE  (  AuthGroupAccess.uid='1' and AuthGroup.status='1' ) [ RunTime:0.000329s ]
[ sql ] [ SQL ] SELECT `condition`,`name` FROM `sm_auth_rule` WHERE  `id` IN (1,2,3,103)  AND `type` = 1 [ RunTime:0.000287s ]
---------------------------------------------------------------
[ 2018-10-29T16:05:57+08:00 ] 0.0.0.0 127.0.0.1 GET /admin/index/index.html
[ info ] www.yxapi.com/admin/index/index.html [运行时间：0.068459s][吞吐率：14.61req/s] [内存消耗：1,701.89kb] [文件加载：43]
[ info ] [ LANG ] D:\webset\yx_api\thinkphp\lang\zh-cn.php
[ info ] [ ROUTE ] array (
  'type' => 'module',
  'module' => 
  array (
    0 => 'admin',
    1 => 'index',
    2 => 'index',
  ),
)
[ info ] [ HEADER ] array (
  'content-type' => '',
  'content-length' => '0',
  'x-original-url' => '/admin/index/index.html',
  'upgrade-insecure-requests' => '1',
  'user-agent' => 'Mozilla/5.0 (Windows NT 10.0; Win64; x64) AppleWebKit/537.36 (KHTML, like Gecko) Chrome/70.0.3538.77 Safari/537.36',
  'referer' => 'http://www.yxapi.com/admin/user/index',
  'host' => 'www.yxapi.com',
  'cookie' => 'PHPSESSID=4jhube6i4aplluha8464e0df17',
  'accept-language' => 'zh-CN,zh;q=0.9',
  'accept-encoding' => 'gzip, deflate',
  'accept' => 'text/html,application/xhtml+xml,application/xml;q=0.9,image/webp,image/apng,*/*;q=0.8',
  'connection' => 'keep-alive',
  'cache-control' => 'max-age=0',
)
[ info ] [ PARAM ] array (
)
[ info ] [ SESSION ] INIT array (
  'id' => '',
  'var_session_id' => '',
  'prefix' => 'think',
  'type' => '',
  'auto_start' => true,
)
[ info ] [ DB ] INIT mysql
[ info ] [ RUN ] app\admin\controller\Index->index[ D:\webset\yx_api\application\admin\controller\Index.php ]
[ info ] [ VIEW ] D:\webset\yx_api/application/admin\view\index\index.html [ array (
  0 => 'menu',
) ]
[ info ] [ LOG ] INIT File
[ sql ] [ DB ] CONNECT:[ UseTime:0.011512s ] mysql:dbname=yx_api;host=127.0.0.1;charset=utf8
[ sql ] [ SQL ] SHOW COLUMNS FROM `sm_auth_rule` [ RunTime:0.009030s ]
[ sql ] [ SQL ] SELECT * FROM `sm_auth_rule` WHERE  `status` = 1 ORDER BY `sort`  DESC,`id`  ASC [ RunTime:0.000514s ]
[ sql ] [ SQL ] SHOW COLUMNS FROM `sm_auth_group_access` [ RunTime:0.006805s ]
[ sql ] [ SQL ] SELECT `AuthGroupAccess`.`uid`,`AuthGroupAccess`.`group_id`,`AuthGroup`.`title`,`AuthGroup`.`rules` FROM `sm_auth_group_access` `AuthGroupAccess` LEFT JOIN `sm_auth_group` `AuthGroup` ON `AuthGroupAccess`.`group_id`=`AuthGroup`.`id` WHERE  (  AuthGroupAccess.uid='1' and AuthGroup.status='1' ) [ RunTime:0.000331s ]
[ sql ] [ SQL ] SELECT `condition`,`name` FROM `sm_auth_rule` WHERE  `id` IN (1,2,3,103)  AND `type` = 1 [ RunTime:0.000282s ]
---------------------------------------------------------------
[ 2018-10-29T16:05:58+08:00 ] 0.0.0.0 127.0.0.1 GET /admin/index/welcome.html
[ info ] www.yxapi.com/admin/index/welcome.html [运行时间：0.045405s][吞吐率：22.02req/s] [内存消耗：1,660.74kb] [文件加载：42]
[ info ] [ LANG ] D:\webset\yx_api\thinkphp\lang\zh-cn.php
[ info ] [ ROUTE ] array (
  'type' => 'module',
  'module' => 
  array (
    0 => 'admin',
    1 => 'index',
    2 => 'welcome',
  ),
)
[ info ] [ HEADER ] array (
  'content-type' => '',
  'content-length' => '0',
  'x-original-url' => '/admin/index/welcome.html',
  'upgrade-insecure-requests' => '1',
  'user-agent' => 'Mozilla/5.0 (Windows NT 10.0; Win64; x64) AppleWebKit/537.36 (KHTML, like Gecko) Chrome/70.0.3538.77 Safari/537.36',
  'referer' => 'http://www.yxapi.com/admin/index/index.html',
  'host' => 'www.yxapi.com',
  'cookie' => 'PHPSESSID=4jhube6i4aplluha8464e0df17',
  'accept-language' => 'zh-CN,zh;q=0.9',
  'accept-encoding' => 'gzip, deflate',
  'accept' => 'text/html,application/xhtml+xml,application/xml;q=0.9,image/webp,image/apng,*/*;q=0.8',
  'connection' => 'keep-alive',
)
[ info ] [ PARAM ] array (
)
[ info ] [ SESSION ] INIT array (
  'id' => '',
  'var_session_id' => '',
  'prefix' => 'think',
  'type' => '',
  'auto_start' => true,
)
[ info ] [ DB ] INIT mysql
[ info ] [ RUN ] app\admin\controller\Index->welcome[ D:\webset\yx_api\application\admin\controller\Index.php ]
[ info ] [ VIEW ] D:\webset\yx_api/application/admin\view\index\welcome.html [ array (
  0 => 'menu',
) ]
[ info ] [ LOG ] INIT File
[ sql ] [ DB ] CONNECT:[ UseTime:0.010983s ] mysql:dbname=yx_api;host=127.0.0.1;charset=utf8
[ sql ] [ SQL ] SHOW COLUMNS FROM `sm_auth_rule` [ RunTime:0.007354s ]
[ sql ] [ SQL ] SELECT * FROM `sm_auth_rule` WHERE  `status` = 1 ORDER BY `sort`  DESC,`id`  ASC [ RunTime:0.000418s ]
[ sql ] [ SQL ] SHOW COLUMNS FROM `sm_auth_group_access` [ RunTime:0.006726s ]
[ sql ] [ SQL ] SELECT `AuthGroupAccess`.`uid`,`AuthGroupAccess`.`group_id`,`AuthGroup`.`title`,`AuthGroup`.`rules` FROM `sm_auth_group_access` `AuthGroupAccess` LEFT JOIN `sm_auth_group` `AuthGroup` ON `AuthGroupAccess`.`group_id`=`AuthGroup`.`id` WHERE  (  AuthGroupAccess.uid='1' and AuthGroup.status='1' ) [ RunTime:0.000267s ]
[ sql ] [ SQL ] SELECT `condition`,`name` FROM `sm_auth_rule` WHERE  `id` IN (1,2,3,103)  AND `type` = 1 [ RunTime:0.000221s ]
---------------------------------------------------------------
[ 2018-10-29T16:06:03+08:00 ] 0.0.0.0 127.0.0.1 GET /admin/file_system/index.html
[ info ] www.yxapi.com/admin/file_system/index.html [运行时间：0.063794s][吞吐率：15.68req/s] [内存消耗：1,895.87kb] [文件加载：48]
[ info ] [ LANG ] D:\webset\yx_api\thinkphp\lang\zh-cn.php
[ info ] [ ROUTE ] array (
  'type' => 'module',
  'module' => 
  array (
    0 => 'admin',
    1 => 'file_system',
    2 => 'index',
  ),
)
[ info ] [ HEADER ] array (
  'content-type' => '',
  'content-length' => '0',
  'x-original-url' => '/admin/file_system/index.html',
  'upgrade-insecure-requests' => '1',
  'user-agent' => 'Mozilla/5.0 (Windows NT 10.0; Win64; x64) AppleWebKit/537.36 (KHTML, like Gecko) Chrome/70.0.3538.77 Safari/537.36',
  'referer' => 'http://www.yxapi.com/admin/index/index.html',
  'host' => 'www.yxapi.com',
  'cookie' => 'PHPSESSID=4jhube6i4aplluha8464e0df17',
  'accept-language' => 'zh-CN,zh;q=0.9',
  'accept-encoding' => 'gzip, deflate',
  'accept' => 'text/html,application/xhtml+xml,application/xml;q=0.9,image/webp,image/apng,*/*;q=0.8',
  'connection' => 'keep-alive',
)
[ info ] [ PARAM ] array (
)
[ info ] [ SESSION ] INIT array (
  'id' => '',
  'var_session_id' => '',
  'prefix' => 'think',
  'type' => '',
  'auto_start' => true,
)
[ info ] [ DB ] INIT mysql
[ info ] [ RUN ] app\admin\controller\FileSystem->index[ D:\webset\yx_api\application\admin\controller\FileSystem.php ]
[ info ] [ VIEW ] D:\webset\yx_api/application/admin\view\file_system\index.html [ array (
  0 => 'menu',
  1 => 'data',
) ]
[ info ] [ LOG ] INIT File
[ sql ] [ DB ] CONNECT:[ UseTime:0.010824s ] mysql:dbname=yx_api;host=127.0.0.1;charset=utf8
[ sql ] [ SQL ] SHOW COLUMNS FROM `sm_auth_group_access` [ RunTime:0.006955s ]
[ sql ] [ SQL ] SELECT `AuthGroupAccess`.`uid`,`AuthGroupAccess`.`group_id`,`AuthGroup`.`title`,`AuthGroup`.`rules` FROM `sm_auth_group_access` `AuthGroupAccess` LEFT JOIN `sm_auth_group` `AuthGroup` ON `AuthGroupAccess`.`group_id`=`AuthGroup`.`id` WHERE  (  AuthGroupAccess.uid='1' and AuthGroup.status='1' ) [ RunTime:0.000309s ]
[ sql ] [ SQL ] SHOW COLUMNS FROM `sm_auth_rule` [ RunTime:0.006097s ]
[ sql ] [ SQL ] SELECT `condition`,`name` FROM `sm_auth_rule` WHERE  `id` IN (1,2,3,103)  AND `type` = 1 [ RunTime:0.000288s ]
[ sql ] [ SQL ] SELECT * FROM `sm_auth_rule` WHERE  `status` = 1 ORDER BY `sort`  DESC,`id`  ASC [ RunTime:0.000313s ]
[ sql ] [ SQL ] SHOW COLUMNS FROM `sm_file` [ RunTime:0.007036s ]
[ sql ] [ SQL ] SELECT COUNT(*) AS tp_count FROM `sm_file` LIMIT 1 [ RunTime:0.000262s ]
[ sql ] [ SQL ] SELECT * FROM `sm_file` ORDER BY id desc LIMIT 0,10 [ RunTime:0.000244s ]
---------------------------------------------------------------
[ 2018-10-29T16:06:03+08:00 ] 0.0.0.0 127.0.0.1 GET /public/uploads/20180109/8b4339a3900b49bc4b1d99547bd4eade.jpg
[ info ] www.yxapi.com/public/uploads/20180109/8b4339a3900b49bc4b1d99547bd4eade.jpg [运行时间：0.010310s][吞吐率：96.99req/s] [内存消耗：796.30kb] [文件加载：28]
[ info ] [ LANG ] D:\webset\yx_api\thinkphp\lang\zh-cn.php
[ info ] [ ROUTE ] array (
  'type' => 'module',
  'module' => 
  array (
    0 => 'public',
    1 => 'uploads',
    2 => '20180109',
  ),
)
[ info ] [ HEADER ] array (
  'content-type' => '',
  'content-length' => '0',
  'x-original-url' => '/public/uploads/20180109/8b4339a3900b49bc4b1d99547bd4eade.jpg',
  'user-agent' => 'Mozilla/5.0 (Windows NT 10.0; Win64; x64) AppleWebKit/537.36 (KHTML, like Gecko) Chrome/70.0.3538.77 Safari/537.36',
  'referer' => 'http://www.yxapi.com/admin/file_system/index.html',
  'host' => 'www.yxapi.com',
  'cookie' => 'PHPSESSID=4jhube6i4aplluha8464e0df17',
  'accept-language' => 'zh-CN,zh;q=0.9',
  'accept-encoding' => 'gzip, deflate',
  'accept' => 'image/webp,image/apng,image/*,*/*;q=0.8',
  'connection' => 'keep-alive',
)
[ info ] [ PARAM ] array (
)
[ info ] [ LOG ] INIT File
---------------------------------------------------------------
[ 2018-10-29T16:06:03+08:00 ] 0.0.0.0 127.0.0.1 GET /public/uploads/20180109/ee0b71f4ff2b34e4e28b3ecf08100691.jpg
[ info ] www.yxapi.com/public/uploads/20180109/ee0b71f4ff2b34e4e28b3ecf08100691.jpg [运行时间：0.011011s][吞吐率：90.82req/s] [内存消耗：796.30kb] [文件加载：28]
[ info ] [ LANG ] D:\webset\yx_api\thinkphp\lang\zh-cn.php
[ info ] [ ROUTE ] array (
  'type' => 'module',
  'module' => 
  array (
    0 => 'public',
    1 => 'uploads',
    2 => '20180109',
  ),
)
[ info ] [ HEADER ] array (
  'content-type' => '',
  'content-length' => '0',
  'x-original-url' => '/public/uploads/20180109/ee0b71f4ff2b34e4e28b3ecf08100691.jpg',
  'user-agent' => 'Mozilla/5.0 (Windows NT 10.0; Win64; x64) AppleWebKit/537.36 (KHTML, like Gecko) Chrome/70.0.3538.77 Safari/537.36',
  'referer' => 'http://www.yxapi.com/admin/file_system/index.html',
  'host' => 'www.yxapi.com',
  'cookie' => 'PHPSESSID=4jhube6i4aplluha8464e0df17',
  'accept-language' => 'zh-CN,zh;q=0.9',
  'accept-encoding' => 'gzip, deflate',
  'accept' => 'image/webp,image/apng,image/*,*/*;q=0.8',
  'connection' => 'keep-alive',
)
[ info ] [ PARAM ] array (
)
[ info ] [ LOG ] INIT File
---------------------------------------------------------------
[ 2018-10-29T16:06:03+08:00 ] 0.0.0.0 127.0.0.1 GET /public/uploads/20180109/278d28de60b3a222b9de9a2feeac1811.jpg
[ info ] www.yxapi.com/public/uploads/20180109/278d28de60b3a222b9de9a2feeac1811.jpg [运行时间：0.013345s][吞吐率：74.93req/s] [内存消耗：796.30kb] [文件加载：28]
[ info ] [ LANG ] D:\webset\yx_api\thinkphp\lang\zh-cn.php
[ info ] [ ROUTE ] array (
  'type' => 'module',
  'module' => 
  array (
    0 => 'public',
    1 => 'uploads',
    2 => '20180109',
  ),
)
[ info ] [ HEADER ] array (
  'content-type' => '',
  'content-length' => '0',
  'x-original-url' => '/public/uploads/20180109/278d28de60b3a222b9de9a2feeac1811.jpg',
  'user-agent' => 'Mozilla/5.0 (Windows NT 10.0; Win64; x64) AppleWebKit/537.36 (KHTML, like Gecko) Chrome/70.0.3538.77 Safari/537.36',
  'referer' => 'http://www.yxapi.com/admin/file_system/index.html',
  'host' => 'www.yxapi.com',
  'cookie' => 'PHPSESSID=4jhube6i4aplluha8464e0df17',
  'accept-language' => 'zh-CN,zh;q=0.9',
  'accept-encoding' => 'gzip, deflate',
  'accept' => 'image/webp,image/apng,image/*,*/*;q=0.8',
  'connection' => 'keep-alive',
)
[ info ] [ PARAM ] array (
)
[ info ] [ LOG ] INIT File
---------------------------------------------------------------
[ 2018-10-29T16:06:03+08:00 ] 0.0.0.0 127.0.0.1 GET /public/uploads/20180109/148c62e0934cd97545897fabdc94fb43.jpg
[ info ] www.yxapi.com/public/uploads/20180109/148c62e0934cd97545897fabdc94fb43.jpg [运行时间：0.012596s][吞吐率：79.39req/s] [内存消耗：796.30kb] [文件加载：28]
[ info ] [ LANG ] D:\webset\yx_api\thinkphp\lang\zh-cn.php
[ info ] [ ROUTE ] array (
  'type' => 'module',
  'module' => 
  array (
    0 => 'public',
    1 => 'uploads',
    2 => '20180109',
  ),
)
[ info ] [ HEADER ] array (
  'content-type' => '',
  'content-length' => '0',
  'x-original-url' => '/public/uploads/20180109/148c62e0934cd97545897fabdc94fb43.jpg',
  'user-agent' => 'Mozilla/5.0 (Windows NT 10.0; Win64; x64) AppleWebKit/537.36 (KHTML, like Gecko) Chrome/70.0.3538.77 Safari/537.36',
  'referer' => 'http://www.yxapi.com/admin/file_system/index.html',
  'host' => 'www.yxapi.com',
  'cookie' => 'PHPSESSID=4jhube6i4aplluha8464e0df17',
  'accept-language' => 'zh-CN,zh;q=0.9',
  'accept-encoding' => 'gzip, deflate',
  'accept' => 'image/webp,image/apng,image/*,*/*;q=0.8',
  'connection' => 'keep-alive',
)
[ info ] [ PARAM ] array (
)
[ info ] [ LOG ] INIT File
---------------------------------------------------------------
[ 2018-10-29T16:06:05+08:00 ] 0.0.0.0 127.0.0.1 GET /admin/auth/index.html
[ info ] www.yxapi.com/admin/auth/index.html [运行时间：0.040210s][吞吐率：24.87req/s] [内存消耗：1,880.95kb] [文件加载：45]
[ info ] [ LANG ] D:\webset\yx_api\thinkphp\lang\zh-cn.php
[ info ] [ ROUTE ] array (
  'type' => 'module',
  'module' => 
  array (
    0 => 'admin',
    1 => 'auth',
    2 => 'index',
  ),
)
[ info ] [ HEADER ] array (
  'content-type' => '',
  'content-length' => '0',
  'x-original-url' => '/admin/auth/index.html',
  'upgrade-insecure-requests' => '1',
  'user-agent' => 'Mozilla/5.0 (Windows NT 10.0; Win64; x64) AppleWebKit/537.36 (KHTML, like Gecko) Chrome/70.0.3538.77 Safari/537.36',
  'referer' => 'http://www.yxapi.com/admin/index/index.html',
  'host' => 'www.yxapi.com',
  'cookie' => 'PHPSESSID=4jhube6i4aplluha8464e0df17',
  'accept-language' => 'zh-CN,zh;q=0.9',
  'accept-encoding' => 'gzip, deflate',
  'accept' => 'text/html,application/xhtml+xml,application/xml;q=0.9,image/webp,image/apng,*/*;q=0.8',
  'connection' => 'keep-alive',
)
[ info ] [ PARAM ] array (
)
[ info ] [ SESSION ] INIT array (
  'id' => '',
  'var_session_id' => '',
  'prefix' => 'think',
  'type' => '',
  'auto_start' => true,
)
[ info ] [ DB ] INIT mysql
[ info ] [ RUN ] app\admin\controller\auth->index[ D:\webset\yx_api\application\admin\controller\Auth.php ]
[ info ] [ VIEW ] D:\webset\yx_api/application/admin\view\auth\index.html [ array (
  0 => 'menu',
  1 => 'auth',
) ]
[ info ] [ LOG ] INIT File
[ sql ] [ DB ] CONNECT:[ UseTime:0.001201s ] mysql:dbname=yx_api;host=127.0.0.1;charset=utf8
[ sql ] [ SQL ] SHOW COLUMNS FROM `sm_auth_group_access` [ RunTime:0.006409s ]
[ sql ] [ SQL ] SELECT `AuthGroupAccess`.`uid`,`AuthGroupAccess`.`group_id`,`AuthGroup`.`title`,`AuthGroup`.`rules` FROM `sm_auth_group_access` `AuthGroupAccess` LEFT JOIN `sm_auth_group` `AuthGroup` ON `AuthGroupAccess`.`group_id`=`AuthGroup`.`id` WHERE  (  AuthGroupAccess.uid='1' and AuthGroup.status='1' ) [ RunTime:0.000293s ]
[ sql ] [ SQL ] SHOW COLUMNS FROM `sm_auth_rule` [ RunTime:0.006434s ]
[ sql ] [ SQL ] SELECT `condition`,`name` FROM `sm_auth_rule` WHERE  `id` IN (1,2,3,103)  AND `type` = 1 [ RunTime:0.000306s ]
[ sql ] [ SQL ] SELECT * FROM `sm_auth_rule` WHERE  `status` = 1 ORDER BY `sort`  DESC,`id`  ASC [ RunTime:0.000326s ]
[ sql ] [ SQL ] SELECT * FROM `sm_auth_rule` ORDER BY `sort`  DESC,`id`  ASC [ RunTime:0.000308s ]
---------------------------------------------------------------
[ 2018-10-29T16:11:40+08:00 ] 0.0.0.0 127.0.0.1 GET /admin/api/app_list.html
[ info ] www.yxapi.com/admin/api/app_list.html [运行时间：0.062093s][吞吐率：16.10req/s] [内存消耗：1,940.98kb] [文件加载：47]
[ info ] [ LANG ] D:\webset\yx_api\thinkphp\lang\zh-cn.php
[ info ] [ ROUTE ] array (
  'type' => 'module',
  'module' => 
  array (
    0 => 'admin',
    1 => 'api',
    2 => 'app_list',
  ),
)
[ info ] [ HEADER ] array (
  'content-type' => '',
  'content-length' => '0',
  'x-original-url' => '/admin/api/app_list.html',
  'upgrade-insecure-requests' => '1',
  'user-agent' => 'Mozilla/5.0 (Windows NT 10.0; Win64; x64) AppleWebKit/537.36 (KHTML, like Gecko) Chrome/70.0.3538.77 Safari/537.36',
  'referer' => 'http://www.yxapi.com/admin/index/index.html',
  'host' => 'www.yxapi.com',
  'cookie' => 'PHPSESSID=4jhube6i4aplluha8464e0df17',
  'accept-language' => 'zh-CN,zh;q=0.9',
  'accept-encoding' => 'gzip, deflate',
  'accept' => 'text/html,application/xhtml+xml,application/xml;q=0.9,image/webp,image/apng,*/*;q=0.8',
  'connection' => 'keep-alive',
)
[ info ] [ PARAM ] array (
)
[ info ] [ SESSION ] INIT array (
  'id' => '',
  'var_session_id' => '',
  'prefix' => 'think',
  'type' => '',
  'auto_start' => true,
)
[ info ] [ DB ] INIT mysql
[ info ] [ RUN ] app\admin\controller\api->app_list[ D:\webset\yx_api\application\admin\controller\Api.php ]
[ info ] [ VIEW ] D:\webset\yx_api/application/admin\view\api\app_list.html [ array (
  0 => 'menu',
  1 => 'data',
) ]
[ info ] [ LOG ] INIT File
[ sql ] [ DB ] CONNECT:[ UseTime:0.011315s ] mysql:dbname=yx_api;host=127.0.0.1;charset=utf8
[ sql ] [ SQL ] SHOW COLUMNS FROM `sm_auth_group_access` [ RunTime:0.005942s ]
[ sql ] [ SQL ] SELECT `AuthGroupAccess`.`uid`,`AuthGroupAccess`.`group_id`,`AuthGroup`.`title`,`AuthGroup`.`rules` FROM `sm_auth_group_access` `AuthGroupAccess` LEFT JOIN `sm_auth_group` `AuthGroup` ON `AuthGroupAccess`.`group_id`=`AuthGroup`.`id` WHERE  (  AuthGroupAccess.uid='1' and AuthGroup.status='1' ) [ RunTime:0.000320s ]
[ sql ] [ SQL ] SHOW COLUMNS FROM `sm_auth_rule` [ RunTime:0.006848s ]
[ sql ] [ SQL ] SELECT `condition`,`name` FROM `sm_auth_rule` WHERE  `id` IN (1,2,3,103)  AND `type` = 1 [ RunTime:0.000324s ]
[ sql ] [ SQL ] SELECT * FROM `sm_auth_rule` WHERE  `status` = 1 ORDER BY `sort`  DESC,`id`  ASC [ RunTime:0.000328s ]
[ sql ] [ SQL ] SHOW COLUMNS FROM `sm_app` [ RunTime:0.007736s ]
[ sql ] [ SQL ] SELECT COUNT(*) AS tp_count FROM `sm_app` LIMIT 1 [ RunTime:0.000264s ]
[ sql ] [ SQL ] SELECT * FROM `sm_app` LIMIT 0,10 [ RunTime:0.000265s ]
---------------------------------------------------------------
[ 2018-10-29T16:11:42+08:00 ] 0.0.0.0 127.0.0.1 GET /admin/api/index.html
[ info ] www.yxapi.com/admin/api/index.html [运行时间：0.053508s][吞吐率：18.69req/s] [内存消耗：1,989.68kb] [文件加载：48]
[ info ] [ LANG ] D:\webset\yx_api\thinkphp\lang\zh-cn.php
[ info ] [ ROUTE ] array (
  'type' => 'module',
  'module' => 
  array (
    0 => 'admin',
    1 => 'api',
    2 => 'index',
  ),
)
[ info ] [ HEADER ] array (
  'content-type' => '',
  'content-length' => '0',
  'x-original-url' => '/admin/api/index.html',
  'upgrade-insecure-requests' => '1',
  'user-agent' => 'Mozilla/5.0 (Windows NT 10.0; Win64; x64) AppleWebKit/537.36 (KHTML, like Gecko) Chrome/70.0.3538.77 Safari/537.36',
  'referer' => 'http://www.yxapi.com/admin/api/app_list.html',
  'host' => 'www.yxapi.com',
  'cookie' => 'PHPSESSID=4jhube6i4aplluha8464e0df17',
  'accept-language' => 'zh-CN,zh;q=0.9',
  'accept-encoding' => 'gzip, deflate',
  'accept' => 'text/html,application/xhtml+xml,application/xml;q=0.9,image/webp,image/apng,*/*;q=0.8',
  'connection' => 'keep-alive',
)
[ info ] [ PARAM ] array (
)
[ info ] [ SESSION ] INIT array (
  'id' => '',
  'var_session_id' => '',
  'prefix' => 'think',
  'type' => '',
  'auto_start' => true,
)
[ info ] [ DB ] INIT mysql
[ info ] [ RUN ] app\admin\controller\api->index[ D:\webset\yx_api\application\admin\controller\Api.php ]
[ info ] [ VIEW ] D:\webset\yx_api/application/admin\view\api\index.html [ array (
  0 => 'menu',
  1 => 'data',
) ]
[ info ] [ LOG ] INIT File
[ sql ] [ DB ] CONNECT:[ UseTime:0.009702s ] mysql:dbname=yx_api;host=127.0.0.1;charset=utf8
[ sql ] [ SQL ] SHOW COLUMNS FROM `sm_auth_group_access` [ RunTime:0.005973s ]
[ sql ] [ SQL ] SELECT `AuthGroupAccess`.`uid`,`AuthGroupAccess`.`group_id`,`AuthGroup`.`title`,`AuthGroup`.`rules` FROM `sm_auth_group_access` `AuthGroupAccess` LEFT JOIN `sm_auth_group` `AuthGroup` ON `AuthGroupAccess`.`group_id`=`AuthGroup`.`id` WHERE  (  AuthGroupAccess.uid='1' and AuthGroup.status='1' ) [ RunTime:0.000347s ]
[ sql ] [ SQL ] SHOW COLUMNS FROM `sm_auth_rule` [ RunTime:0.007410s ]
[ sql ] [ SQL ] SELECT `condition`,`name` FROM `sm_auth_rule` WHERE  `id` IN (1,2,3,103)  AND `type` = 1 [ RunTime:0.000287s ]
[ sql ] [ SQL ] SELECT * FROM `sm_auth_rule` WHERE  `status` = 1 ORDER BY `sort`  DESC,`id`  ASC [ RunTime:0.000309s ]
[ sql ] [ SQL ] SHOW COLUMNS FROM `sm_api` [ RunTime:0.006678s ]
[ sql ] [ SQL ] SELECT COUNT(*) AS tp_count FROM `sm_api` LIMIT 1 [ RunTime:0.000255s ]
[ sql ] [ SQL ] SELECT * FROM `sm_api` LIMIT 0,10 [ RunTime:0.000243s ]
---------------------------------------------------------------
[ 2018-10-29T16:11:46+08:00 ] 0.0.0.0 127.0.0.1 GET /admin/api/showAddApi.html
[ info ] www.yxapi.com/admin/api/showAddApi.html [运行时间：0.086782s][吞吐率：11.52req/s] [内存消耗：1,814.39kb] [文件加载：44]
[ info ] [ LANG ] D:\webset\yx_api\thinkphp\lang\zh-cn.php
[ info ] [ ROUTE ] array (
  'type' => 'module',
  'module' => 
  array (
    0 => 'admin',
    1 => 'api',
    2 => 'showAddApi',
  ),
)
[ info ] [ HEADER ] array (
  'content-type' => '',
  'content-length' => '0',
  'x-original-url' => '/admin/api/showAddApi.html',
  'upgrade-insecure-requests' => '1',
  'user-agent' => 'Mozilla/5.0 (Windows NT 10.0; Win64; x64) AppleWebKit/537.36 (KHTML, like Gecko) Chrome/70.0.3538.77 Safari/537.36',
  'referer' => 'http://www.yxapi.com/admin/api/index.html',
  'host' => 'www.yxapi.com',
  'cookie' => 'PHPSESSID=4jhube6i4aplluha8464e0df17',
  'accept-language' => 'zh-CN,zh;q=0.9',
  'accept-encoding' => 'gzip, deflate',
  'accept' => 'text/html,application/xhtml+xml,application/xml;q=0.9,image/webp,image/apng,*/*;q=0.8',
  'connection' => 'keep-alive',
)
[ info ] [ PARAM ] array (
)
[ info ] [ SESSION ] INIT array (
  'id' => '',
  'var_session_id' => '',
  'prefix' => 'think',
  'type' => '',
  'auto_start' => true,
)
[ info ] [ DB ] INIT mysql
[ info ] [ RUN ] app\admin\controller\api->showAddApi[ D:\webset\yx_api\application\admin\controller\Api.php ]
[ info ] [ VIEW ] D:\webset\yx_api/application/admin\view\api\add_api.html [ array (
  0 => 'menu',
) ]
[ info ] [ LOG ] INIT File
[ sql ] [ DB ] CONNECT:[ UseTime:0.010245s ] mysql:dbname=yx_api;host=127.0.0.1;charset=utf8
[ sql ] [ SQL ] SHOW COLUMNS FROM `sm_auth_group_access` [ RunTime:0.006896s ]
[ sql ] [ SQL ] SELECT `AuthGroupAccess`.`uid`,`AuthGroupAccess`.`group_id`,`AuthGroup`.`title`,`AuthGroup`.`rules` FROM `sm_auth_group_access` `AuthGroupAccess` LEFT JOIN `sm_auth_group` `AuthGroup` ON `AuthGroupAccess`.`group_id`=`AuthGroup`.`id` WHERE  (  AuthGroupAccess.uid='1' and AuthGroup.status='1' ) [ RunTime:0.000359s ]
[ sql ] [ SQL ] SHOW COLUMNS FROM `sm_auth_rule` [ RunTime:0.029367s ]
[ sql ] [ SQL ] SELECT `condition`,`name` FROM `sm_auth_rule` WHERE  `id` IN (1,2,3,103)  AND `type` = 1 [ RunTime:0.000304s ]
[ sql ] [ SQL ] SELECT * FROM `sm_auth_rule` WHERE  `status` = 1 ORDER BY `sort`  DESC,`id`  ASC [ RunTime:0.000318s ]
